#-----------------------------------------------------------
# Vivado v2016.4 (64-bit)
# SW Build 1756540 on Mon Jan 23 19:11:23 MST 2017
# IP Build 1755317 on Mon Jan 23 20:30:07 MST 2017
# Start of session at: Tue Mar 22 03:33:03 2022
# Process ID: 13028
# Current directory: D:/OLD Desktops/Desktop Karadere/Vivado Projects/Term_Project
# Command line: vivado.exe -gui_launcher_event rodinguilauncherevent4620 D:\OLD Desktops\Desktop Karadere\Vivado Projects\Term_Project\Term_Project.xpr
# Log file: D:/OLD Desktops/Desktop Karadere/Vivado Projects/Term_Project/vivado.log
# Journal file: D:/OLD Desktops/Desktop Karadere/Vivado Projects/Term_Project\vivado.jou
#-----------------------------------------------------------
start_gui
open_project {D:/OLD Desktops/Desktop Karadere/Vivado Projects/Term_Project/Term_Project.xpr}
Scanning sources...
Finished scanning sources
INFO: [IP_Flow 19-234] Refreshing IP repositories
INFO: [IP_Flow 19-1704] No user IP repositories specified
INFO: [IP_Flow 19-2313] Loaded Vivado IP repository 'C:/Xilinx/Vivado/2016.4/data/ip'.
reset_run synth_1
launch_runs synth_1 -jobs 4
[Tue Mar 22 03:34:40 2022] Launched synth_1...
Run output will be captured here: D:/OLD Desktops/Desktop Karadere/Vivado Projects/Term_Project/Term_Project.runs/synth_1/runme.log
