
*** Running vivado
    with args -log Top_music.vds -m64 -product Vivado -mode batch -messageDb vivado.pb -notrace -source Top_music.tcl


****** Vivado v2016.4 (64-bit)
  **** SW Build 1756540 on Mon Jan 23 19:11:23 MST 2017
  **** IP Build 1755317 on Mon Jan 23 20:30:07 MST 2017
    ** Copyright 1986-2016 Xilinx, Inc. All Rights Reserved.

source Top_music.tcl -notrace
Command: synth_design -top Top_music -part xc7a35tcpg236-1 -flatten_hierarchy none
Starting synth_design
Attempting to get a license for feature 'Synthesis' and/or device 'xc7a35t'
INFO: [Common 17-349] Got license for feature 'Synthesis' and/or device 'xc7a35t'
INFO: Launching helper process for spawning children vivado processes
INFO: Helper process launched with PID 14492 
---------------------------------------------------------------------------------
Starting RTL Elaboration : Time (s): cpu = 00:00:03 ; elapsed = 00:00:05 . Memory (MB): peak = 282.438 ; gain = 72.996
---------------------------------------------------------------------------------
INFO: [Synth 8-638] synthesizing module 'Top_music' [D:/OLD Desktops/Desktop Karadere/Vivado Projects/Term_Project/Term_Project.srcs/sources_1/new/Top.vhd:12]
INFO: [Synth 8-3491] module 'adder_sine' declared at 'D:/OLD Desktops/Desktop Karadere/Vivado Projects/Term_Project/Term_Project.srcs/sources_1/new/harmonic_adder.vhd:5' bound to instance 'audio_generate' of component 'adder_sine' [D:/OLD Desktops/Desktop Karadere/Vivado Projects/Term_Project/Term_Project.srcs/sources_1/new/Top.vhd:50]
INFO: [Synth 8-638] synthesizing module 'adder_sine' [D:/OLD Desktops/Desktop Karadere/Vivado Projects/Term_Project/Term_Project.srcs/sources_1/new/harmonic_adder.vhd:14]
INFO: [Synth 8-3491] module 'wave_producer' declared at 'D:/OLD Desktops/Desktop Karadere/Vivado Projects/Term_Project/Term_Project.srcs/sources_1/new/Sinus_creater.vhd:6' bound to instance 'firstharmonic' of component 'wave_producer' [D:/OLD Desktops/Desktop Karadere/Vivado Projects/Term_Project/Term_Project.srcs/sources_1/new/harmonic_adder.vhd:31]
INFO: [Synth 8-638] synthesizing module 'wave_producer' [D:/OLD Desktops/Desktop Karadere/Vivado Projects/Term_Project/Term_Project.srcs/sources_1/new/Sinus_creater.vhd:12]
INFO: [Synth 8-3491] module 'clock_divider' declared at 'D:/OLD Desktops/Desktop Karadere/Vivado Projects/Term_Project/Term_Project.srcs/sources_1/new/sinus_clock.vhd:6' bound to instance 'clock_100x' of component 'clock_divider' [D:/OLD Desktops/Desktop Karadere/Vivado Projects/Term_Project/Term_Project.srcs/sources_1/new/Sinus_creater.vhd:34]
INFO: [Synth 8-638] synthesizing module 'clock_divider' [D:/OLD Desktops/Desktop Karadere/Vivado Projects/Term_Project/Term_Project.srcs/sources_1/new/sinus_clock.vhd:11]
INFO: [Synth 8-256] done synthesizing module 'clock_divider' (1#1) [D:/OLD Desktops/Desktop Karadere/Vivado Projects/Term_Project/Term_Project.srcs/sources_1/new/sinus_clock.vhd:11]
INFO: [Synth 8-256] done synthesizing module 'wave_producer' (2#1) [D:/OLD Desktops/Desktop Karadere/Vivado Projects/Term_Project/Term_Project.srcs/sources_1/new/Sinus_creater.vhd:12]
INFO: [Synth 8-3491] module 'wave_producer' declared at 'D:/OLD Desktops/Desktop Karadere/Vivado Projects/Term_Project/Term_Project.srcs/sources_1/new/Sinus_creater.vhd:6' bound to instance 'secondharmonic' of component 'wave_producer' [D:/OLD Desktops/Desktop Karadere/Vivado Projects/Term_Project/Term_Project.srcs/sources_1/new/harmonic_adder.vhd:32]
INFO: [Synth 8-256] done synthesizing module 'adder_sine' (3#1) [D:/OLD Desktops/Desktop Karadere/Vivado Projects/Term_Project/Term_Project.srcs/sources_1/new/harmonic_adder.vhd:14]
INFO: [Synth 8-3491] module 'note_inst' declared at 'D:/OLD Desktops/Desktop Karadere/Vivado Projects/Term_Project/Term_Project.srcs/sources_1/new/instrument_notes.vhd:5' bound to instance 'inst_notes' of component 'note_inst' [D:/OLD Desktops/Desktop Karadere/Vivado Projects/Term_Project/Term_Project.srcs/sources_1/new/Top.vhd:52]
INFO: [Synth 8-638] synthesizing module 'note_inst' [D:/OLD Desktops/Desktop Karadere/Vivado Projects/Term_Project/Term_Project.srcs/sources_1/new/instrument_notes.vhd:14]
INFO: [Synth 8-256] done synthesizing module 'note_inst' (4#1) [D:/OLD Desktops/Desktop Karadere/Vivado Projects/Term_Project/Term_Project.srcs/sources_1/new/instrument_notes.vhd:14]
WARNING: [Synth 8-549] port width mismatch for port 'frequency_1': port width = 32, actual width = 14 [D:/OLD Desktops/Desktop Karadere/Vivado Projects/Term_Project/Term_Project.srcs/sources_1/new/Top.vhd:52]
WARNING: [Synth 8-549] port width mismatch for port 'frequency_2': port width = 32, actual width = 14 [D:/OLD Desktops/Desktop Karadere/Vivado Projects/Term_Project/Term_Project.srcs/sources_1/new/Top.vhd:53]
WARNING: [Synth 8-549] port width mismatch for port 'constant1': port width = 32, actual width = 4 [D:/OLD Desktops/Desktop Karadere/Vivado Projects/Term_Project/Term_Project.srcs/sources_1/new/Top.vhd:53]
INFO: [Synth 8-3491] module 'Sawtooth_adder' declared at 'D:/OLD Desktops/Desktop Karadere/Vivado Projects/Term_Project/Term_Project.srcs/sources_1/new/Sawtooth_adder.vhd:5' bound to instance 'sawtooth_ad' of component 'Sawtooth_adder' [D:/OLD Desktops/Desktop Karadere/Vivado Projects/Term_Project/Term_Project.srcs/sources_1/new/Top.vhd:54]
INFO: [Synth 8-638] synthesizing module 'Sawtooth_adder' [D:/OLD Desktops/Desktop Karadere/Vivado Projects/Term_Project/Term_Project.srcs/sources_1/new/Sawtooth_adder.vhd:14]
INFO: [Synth 8-3491] module 'sawtooth_generator' declared at 'D:/OLD Desktops/Desktop Karadere/Vivado Projects/Term_Project/Term_Project.srcs/sources_1/new/sawtooth_wave_generator.vhd:6' bound to instance 'firstharm' of component 'sawtooth_generator' [D:/OLD Desktops/Desktop Karadere/Vivado Projects/Term_Project/Term_Project.srcs/sources_1/new/Sawtooth_adder.vhd:31]
INFO: [Synth 8-638] synthesizing module 'sawtooth_generator' [D:/OLD Desktops/Desktop Karadere/Vivado Projects/Term_Project/Term_Project.srcs/sources_1/new/sawtooth_wave_generator.vhd:12]
INFO: [Synth 8-3491] module 'clock_divider' declared at 'D:/OLD Desktops/Desktop Karadere/Vivado Projects/Term_Project/Term_Project.srcs/sources_1/new/sinus_clock.vhd:6' bound to instance 'clock_100x' of component 'clock_divider' [D:/OLD Desktops/Desktop Karadere/Vivado Projects/Term_Project/Term_Project.srcs/sources_1/new/sawtooth_wave_generator.vhd:33]
INFO: [Synth 8-256] done synthesizing module 'sawtooth_generator' (5#1) [D:/OLD Desktops/Desktop Karadere/Vivado Projects/Term_Project/Term_Project.srcs/sources_1/new/sawtooth_wave_generator.vhd:12]
INFO: [Synth 8-3491] module 'sawtooth_generator' declared at 'D:/OLD Desktops/Desktop Karadere/Vivado Projects/Term_Project/Term_Project.srcs/sources_1/new/sawtooth_wave_generator.vhd:6' bound to instance 'secondharm' of component 'sawtooth_generator' [D:/OLD Desktops/Desktop Karadere/Vivado Projects/Term_Project/Term_Project.srcs/sources_1/new/Sawtooth_adder.vhd:32]
INFO: [Synth 8-256] done synthesizing module 'Sawtooth_adder' (6#1) [D:/OLD Desktops/Desktop Karadere/Vivado Projects/Term_Project/Term_Project.srcs/sources_1/new/Sawtooth_adder.vhd:14]
WARNING: [Synth 8-614] signal 'sawtooth_o' is read in the process but is not in the sensitivity list [D:/OLD Desktops/Desktop Karadere/Vivado Projects/Term_Project/Term_Project.srcs/sources_1/new/Top.vhd:56]
WARNING: [Synth 8-614] signal 'sinus_inst' is read in the process but is not in the sensitivity list [D:/OLD Desktops/Desktop Karadere/Vivado Projects/Term_Project/Term_Project.srcs/sources_1/new/Top.vhd:56]
INFO: [Synth 8-256] done synthesizing module 'Top_music' (7#1) [D:/OLD Desktops/Desktop Karadere/Vivado Projects/Term_Project/Term_Project.srcs/sources_1/new/Top.vhd:12]
---------------------------------------------------------------------------------
Finished RTL Elaboration : Time (s): cpu = 00:00:04 ; elapsed = 00:00:06 . Memory (MB): peak = 331.887 ; gain = 122.445
---------------------------------------------------------------------------------

Report Check Netlist: 
+------+------------------+-------+---------+-------+------------------+
|      |Item              |Errors |Warnings |Status |Description       |
+------+------------------+-------+---------+-------+------------------+
|1     |multi_driven_nets |      0|        0|Passed |Multi driven nets |
+------+------------------+-------+---------+-------+------------------+
---------------------------------------------------------------------------------
Finished RTL Optimization Phase 1 : Time (s): cpu = 00:00:04 ; elapsed = 00:00:06 . Memory (MB): peak = 331.887 ; gain = 122.445
---------------------------------------------------------------------------------
INFO: [Device 21-403] Loading part xc7a35tcpg236-1
INFO: [Project 1-570] Preparing netlist for logic optimization

Processing XDC Constraints
Initializing timing engine
Parsing XDC File [D:/OLD Desktops/Desktop Karadere/Vivado Projects/Term_Project/Term_Project.srcs/constrs_1/new/MUSIC_TOP_CONST.xdc]
WARNING: [Vivado 12-507] No nets matched 'rst_IBUF'. [D:/OLD Desktops/Desktop Karadere/Vivado Projects/Term_Project/Term_Project.srcs/constrs_1/new/MUSIC_TOP_CONST.xdc:6]
CRITICAL WARNING: [Common 17-55] 'set_property' expects at least one object. [D:/OLD Desktops/Desktop Karadere/Vivado Projects/Term_Project/Term_Project.srcs/constrs_1/new/MUSIC_TOP_CONST.xdc:6]
Resolution: If [get_<value>] was used to populate the object, check to make sure this command returns at least one valid object.
WARNING: [Vivado 12-507] No nets matched 'instrument_IBUF[1]'. [D:/OLD Desktops/Desktop Karadere/Vivado Projects/Term_Project/Term_Project.srcs/constrs_1/new/MUSIC_TOP_CONST.xdc:7]
CRITICAL WARNING: [Common 17-55] 'set_property' expects at least one object. [D:/OLD Desktops/Desktop Karadere/Vivado Projects/Term_Project/Term_Project.srcs/constrs_1/new/MUSIC_TOP_CONST.xdc:7]
Resolution: If [get_<value>] was used to populate the object, check to make sure this command returns at least one valid object.
WARNING: [Vivado 12-507] No nets matched 'play_or_listen_IBUF'. [D:/OLD Desktops/Desktop Karadere/Vivado Projects/Term_Project/Term_Project.srcs/constrs_1/new/MUSIC_TOP_CONST.xdc:8]
CRITICAL WARNING: [Common 17-55] 'set_property' expects at least one object. [D:/OLD Desktops/Desktop Karadere/Vivado Projects/Term_Project/Term_Project.srcs/constrs_1/new/MUSIC_TOP_CONST.xdc:8]
Resolution: If [get_<value>] was used to populate the object, check to make sure this command returns at least one valid object.
WARNING: [Vivado 12-584] No ports matched 'play_or_listen'. [D:/OLD Desktops/Desktop Karadere/Vivado Projects/Term_Project/Term_Project.srcs/constrs_1/new/MUSIC_TOP_CONST.xdc:10]
CRITICAL WARNING: [Common 17-55] 'set_property' expects at least one object. [D:/OLD Desktops/Desktop Karadere/Vivado Projects/Term_Project/Term_Project.srcs/constrs_1/new/MUSIC_TOP_CONST.xdc:10]
Resolution: If [get_<value>] was used to populate the object, check to make sure this command returns at least one valid object.
WARNING: [Vivado 12-584] No ports matched 'play_or_listen'. [D:/OLD Desktops/Desktop Karadere/Vivado Projects/Term_Project/Term_Project.srcs/constrs_1/new/MUSIC_TOP_CONST.xdc:11]
CRITICAL WARNING: [Common 17-55] 'set_property' expects at least one object. [D:/OLD Desktops/Desktop Karadere/Vivado Projects/Term_Project/Term_Project.srcs/constrs_1/new/MUSIC_TOP_CONST.xdc:11]
Resolution: If [get_<value>] was used to populate the object, check to make sure this command returns at least one valid object.
WARNING: [Vivado 12-584] No ports matched 'instrument[0]'. [D:/OLD Desktops/Desktop Karadere/Vivado Projects/Term_Project/Term_Project.srcs/constrs_1/new/MUSIC_TOP_CONST.xdc:12]
CRITICAL WARNING: [Common 17-55] 'set_property' expects at least one object. [D:/OLD Desktops/Desktop Karadere/Vivado Projects/Term_Project/Term_Project.srcs/constrs_1/new/MUSIC_TOP_CONST.xdc:12]
Resolution: If [get_<value>] was used to populate the object, check to make sure this command returns at least one valid object.
WARNING: [Vivado 12-584] No ports matched 'instrument[0]'. [D:/OLD Desktops/Desktop Karadere/Vivado Projects/Term_Project/Term_Project.srcs/constrs_1/new/MUSIC_TOP_CONST.xdc:13]
CRITICAL WARNING: [Common 17-55] 'set_property' expects at least one object. [D:/OLD Desktops/Desktop Karadere/Vivado Projects/Term_Project/Term_Project.srcs/constrs_1/new/MUSIC_TOP_CONST.xdc:13]
Resolution: If [get_<value>] was used to populate the object, check to make sure this command returns at least one valid object.
WARNING: [Vivado 12-584] No ports matched 'instrument[1]'. [D:/OLD Desktops/Desktop Karadere/Vivado Projects/Term_Project/Term_Project.srcs/constrs_1/new/MUSIC_TOP_CONST.xdc:14]
CRITICAL WARNING: [Common 17-55] 'set_property' expects at least one object. [D:/OLD Desktops/Desktop Karadere/Vivado Projects/Term_Project/Term_Project.srcs/constrs_1/new/MUSIC_TOP_CONST.xdc:14]
Resolution: If [get_<value>] was used to populate the object, check to make sure this command returns at least one valid object.
WARNING: [Vivado 12-584] No ports matched 'instrument[1]'. [D:/OLD Desktops/Desktop Karadere/Vivado Projects/Term_Project/Term_Project.srcs/constrs_1/new/MUSIC_TOP_CONST.xdc:15]
CRITICAL WARNING: [Common 17-55] 'set_property' expects at least one object. [D:/OLD Desktops/Desktop Karadere/Vivado Projects/Term_Project/Term_Project.srcs/constrs_1/new/MUSIC_TOP_CONST.xdc:15]
Resolution: If [get_<value>] was used to populate the object, check to make sure this command returns at least one valid object.
WARNING: [Vivado 12-584] No ports matched 'imitate_the_screen'. [D:/OLD Desktops/Desktop Karadere/Vivado Projects/Term_Project/Term_Project.srcs/constrs_1/new/MUSIC_TOP_CONST.xdc:16]
CRITICAL WARNING: [Common 17-55] 'set_property' expects at least one object. [D:/OLD Desktops/Desktop Karadere/Vivado Projects/Term_Project/Term_Project.srcs/constrs_1/new/MUSIC_TOP_CONST.xdc:16]
Resolution: If [get_<value>] was used to populate the object, check to make sure this command returns at least one valid object.
WARNING: [Vivado 12-584] No ports matched 'imitate_the_screen'. [D:/OLD Desktops/Desktop Karadere/Vivado Projects/Term_Project/Term_Project.srcs/constrs_1/new/MUSIC_TOP_CONST.xdc:17]
CRITICAL WARNING: [Common 17-55] 'set_property' expects at least one object. [D:/OLD Desktops/Desktop Karadere/Vivado Projects/Term_Project/Term_Project.srcs/constrs_1/new/MUSIC_TOP_CONST.xdc:17]
Resolution: If [get_<value>] was used to populate the object, check to make sure this command returns at least one valid object.
WARNING: [Vivado 12-584] No ports matched 'reset'. [D:/OLD Desktops/Desktop Karadere/Vivado Projects/Term_Project/Term_Project.srcs/constrs_1/new/MUSIC_TOP_CONST.xdc:19]
CRITICAL WARNING: [Common 17-55] 'set_property' expects at least one object. [D:/OLD Desktops/Desktop Karadere/Vivado Projects/Term_Project/Term_Project.srcs/constrs_1/new/MUSIC_TOP_CONST.xdc:19]
Resolution: If [get_<value>] was used to populate the object, check to make sure this command returns at least one valid object.
WARNING: [Vivado 12-584] No ports matched 'reset'. [D:/OLD Desktops/Desktop Karadere/Vivado Projects/Term_Project/Term_Project.srcs/constrs_1/new/MUSIC_TOP_CONST.xdc:20]
CRITICAL WARNING: [Common 17-55] 'set_property' expects at least one object. [D:/OLD Desktops/Desktop Karadere/Vivado Projects/Term_Project/Term_Project.srcs/constrs_1/new/MUSIC_TOP_CONST.xdc:20]
Resolution: If [get_<value>] was used to populate the object, check to make sure this command returns at least one valid object.
WARNING: [Vivado 12-584] No ports matched 'change_screen'. [D:/OLD Desktops/Desktop Karadere/Vivado Projects/Term_Project/Term_Project.srcs/constrs_1/new/MUSIC_TOP_CONST.xdc:22]
CRITICAL WARNING: [Common 17-55] 'set_property' expects at least one object. [D:/OLD Desktops/Desktop Karadere/Vivado Projects/Term_Project/Term_Project.srcs/constrs_1/new/MUSIC_TOP_CONST.xdc:22]
Resolution: If [get_<value>] was used to populate the object, check to make sure this command returns at least one valid object.
WARNING: [Vivado 12-584] No ports matched 'change_screen'. [D:/OLD Desktops/Desktop Karadere/Vivado Projects/Term_Project/Term_Project.srcs/constrs_1/new/MUSIC_TOP_CONST.xdc:23]
CRITICAL WARNING: [Common 17-55] 'set_property' expects at least one object. [D:/OLD Desktops/Desktop Karadere/Vivado Projects/Term_Project/Term_Project.srcs/constrs_1/new/MUSIC_TOP_CONST.xdc:23]
Resolution: If [get_<value>] was used to populate the object, check to make sure this command returns at least one valid object.
WARNING: [Vivado 12-584] No ports matched 'out_sound[0]'. [D:/OLD Desktops/Desktop Karadere/Vivado Projects/Term_Project/Term_Project.srcs/constrs_1/new/MUSIC_TOP_CONST.xdc:28]
CRITICAL WARNING: [Common 17-55] 'set_property' expects at least one object. [D:/OLD Desktops/Desktop Karadere/Vivado Projects/Term_Project/Term_Project.srcs/constrs_1/new/MUSIC_TOP_CONST.xdc:28]
Resolution: If [get_<value>] was used to populate the object, check to make sure this command returns at least one valid object.
WARNING: [Vivado 12-584] No ports matched 'out_sound[0]'. [D:/OLD Desktops/Desktop Karadere/Vivado Projects/Term_Project/Term_Project.srcs/constrs_1/new/MUSIC_TOP_CONST.xdc:29]
CRITICAL WARNING: [Common 17-55] 'set_property' expects at least one object. [D:/OLD Desktops/Desktop Karadere/Vivado Projects/Term_Project/Term_Project.srcs/constrs_1/new/MUSIC_TOP_CONST.xdc:29]
Resolution: If [get_<value>] was used to populate the object, check to make sure this command returns at least one valid object.
WARNING: [Vivado 12-584] No ports matched 'out_sound[1]'. [D:/OLD Desktops/Desktop Karadere/Vivado Projects/Term_Project/Term_Project.srcs/constrs_1/new/MUSIC_TOP_CONST.xdc:31]
CRITICAL WARNING: [Common 17-55] 'set_property' expects at least one object. [D:/OLD Desktops/Desktop Karadere/Vivado Projects/Term_Project/Term_Project.srcs/constrs_1/new/MUSIC_TOP_CONST.xdc:31]
Resolution: If [get_<value>] was used to populate the object, check to make sure this command returns at least one valid object.
WARNING: [Vivado 12-584] No ports matched 'out_sound[1]'. [D:/OLD Desktops/Desktop Karadere/Vivado Projects/Term_Project/Term_Project.srcs/constrs_1/new/MUSIC_TOP_CONST.xdc:32]
CRITICAL WARNING: [Common 17-55] 'set_property' expects at least one object. [D:/OLD Desktops/Desktop Karadere/Vivado Projects/Term_Project/Term_Project.srcs/constrs_1/new/MUSIC_TOP_CONST.xdc:32]
Resolution: If [get_<value>] was used to populate the object, check to make sure this command returns at least one valid object.
WARNING: [Vivado 12-584] No ports matched 'out_sound[2]'. [D:/OLD Desktops/Desktop Karadere/Vivado Projects/Term_Project/Term_Project.srcs/constrs_1/new/MUSIC_TOP_CONST.xdc:34]
CRITICAL WARNING: [Common 17-55] 'set_property' expects at least one object. [D:/OLD Desktops/Desktop Karadere/Vivado Projects/Term_Project/Term_Project.srcs/constrs_1/new/MUSIC_TOP_CONST.xdc:34]
Resolution: If [get_<value>] was used to populate the object, check to make sure this command returns at least one valid object.
WARNING: [Vivado 12-584] No ports matched 'out_sound[2]'. [D:/OLD Desktops/Desktop Karadere/Vivado Projects/Term_Project/Term_Project.srcs/constrs_1/new/MUSIC_TOP_CONST.xdc:35]
CRITICAL WARNING: [Common 17-55] 'set_property' expects at least one object. [D:/OLD Desktops/Desktop Karadere/Vivado Projects/Term_Project/Term_Project.srcs/constrs_1/new/MUSIC_TOP_CONST.xdc:35]
Resolution: If [get_<value>] was used to populate the object, check to make sure this command returns at least one valid object.
WARNING: [Vivado 12-584] No ports matched 'out_sound[3]'. [D:/OLD Desktops/Desktop Karadere/Vivado Projects/Term_Project/Term_Project.srcs/constrs_1/new/MUSIC_TOP_CONST.xdc:37]
CRITICAL WARNING: [Common 17-55] 'set_property' expects at least one object. [D:/OLD Desktops/Desktop Karadere/Vivado Projects/Term_Project/Term_Project.srcs/constrs_1/new/MUSIC_TOP_CONST.xdc:37]
Resolution: If [get_<value>] was used to populate the object, check to make sure this command returns at least one valid object.
WARNING: [Vivado 12-584] No ports matched 'out_sound[3]'. [D:/OLD Desktops/Desktop Karadere/Vivado Projects/Term_Project/Term_Project.srcs/constrs_1/new/MUSIC_TOP_CONST.xdc:38]
CRITICAL WARNING: [Common 17-55] 'set_property' expects at least one object. [D:/OLD Desktops/Desktop Karadere/Vivado Projects/Term_Project/Term_Project.srcs/constrs_1/new/MUSIC_TOP_CONST.xdc:38]
Resolution: If [get_<value>] was used to populate the object, check to make sure this command returns at least one valid object.
WARNING: [Vivado 12-584] No ports matched 'out_sound[4]'. [D:/OLD Desktops/Desktop Karadere/Vivado Projects/Term_Project/Term_Project.srcs/constrs_1/new/MUSIC_TOP_CONST.xdc:40]
CRITICAL WARNING: [Common 17-55] 'set_property' expects at least one object. [D:/OLD Desktops/Desktop Karadere/Vivado Projects/Term_Project/Term_Project.srcs/constrs_1/new/MUSIC_TOP_CONST.xdc:40]
Resolution: If [get_<value>] was used to populate the object, check to make sure this command returns at least one valid object.
WARNING: [Vivado 12-584] No ports matched 'out_sound[4]'. [D:/OLD Desktops/Desktop Karadere/Vivado Projects/Term_Project/Term_Project.srcs/constrs_1/new/MUSIC_TOP_CONST.xdc:41]
CRITICAL WARNING: [Common 17-55] 'set_property' expects at least one object. [D:/OLD Desktops/Desktop Karadere/Vivado Projects/Term_Project/Term_Project.srcs/constrs_1/new/MUSIC_TOP_CONST.xdc:41]
Resolution: If [get_<value>] was used to populate the object, check to make sure this command returns at least one valid object.
WARNING: [Vivado 12-584] No ports matched 'out_sound[5]'. [D:/OLD Desktops/Desktop Karadere/Vivado Projects/Term_Project/Term_Project.srcs/constrs_1/new/MUSIC_TOP_CONST.xdc:43]
CRITICAL WARNING: [Common 17-55] 'set_property' expects at least one object. [D:/OLD Desktops/Desktop Karadere/Vivado Projects/Term_Project/Term_Project.srcs/constrs_1/new/MUSIC_TOP_CONST.xdc:43]
Resolution: If [get_<value>] was used to populate the object, check to make sure this command returns at least one valid object.
WARNING: [Vivado 12-584] No ports matched 'out_sound[5]'. [D:/OLD Desktops/Desktop Karadere/Vivado Projects/Term_Project/Term_Project.srcs/constrs_1/new/MUSIC_TOP_CONST.xdc:44]
CRITICAL WARNING: [Common 17-55] 'set_property' expects at least one object. [D:/OLD Desktops/Desktop Karadere/Vivado Projects/Term_Project/Term_Project.srcs/constrs_1/new/MUSIC_TOP_CONST.xdc:44]
Resolution: If [get_<value>] was used to populate the object, check to make sure this command returns at least one valid object.
WARNING: [Vivado 12-584] No ports matched 'out_sound[6]'. [D:/OLD Desktops/Desktop Karadere/Vivado Projects/Term_Project/Term_Project.srcs/constrs_1/new/MUSIC_TOP_CONST.xdc:46]
CRITICAL WARNING: [Common 17-55] 'set_property' expects at least one object. [D:/OLD Desktops/Desktop Karadere/Vivado Projects/Term_Project/Term_Project.srcs/constrs_1/new/MUSIC_TOP_CONST.xdc:46]
Resolution: If [get_<value>] was used to populate the object, check to make sure this command returns at least one valid object.
WARNING: [Vivado 12-584] No ports matched 'out_sound[6]'. [D:/OLD Desktops/Desktop Karadere/Vivado Projects/Term_Project/Term_Project.srcs/constrs_1/new/MUSIC_TOP_CONST.xdc:47]
CRITICAL WARNING: [Common 17-55] 'set_property' expects at least one object. [D:/OLD Desktops/Desktop Karadere/Vivado Projects/Term_Project/Term_Project.srcs/constrs_1/new/MUSIC_TOP_CONST.xdc:47]
Resolution: If [get_<value>] was used to populate the object, check to make sure this command returns at least one valid object.
WARNING: [Vivado 12-584] No ports matched 'out_sound[7]'. [D:/OLD Desktops/Desktop Karadere/Vivado Projects/Term_Project/Term_Project.srcs/constrs_1/new/MUSIC_TOP_CONST.xdc:49]
CRITICAL WARNING: [Common 17-55] 'set_property' expects at least one object. [D:/OLD Desktops/Desktop Karadere/Vivado Projects/Term_Project/Term_Project.srcs/constrs_1/new/MUSIC_TOP_CONST.xdc:49]
Resolution: If [get_<value>] was used to populate the object, check to make sure this command returns at least one valid object.
WARNING: [Vivado 12-584] No ports matched 'out_sound[7]'. [D:/OLD Desktops/Desktop Karadere/Vivado Projects/Term_Project/Term_Project.srcs/constrs_1/new/MUSIC_TOP_CONST.xdc:50]
CRITICAL WARNING: [Common 17-55] 'set_property' expects at least one object. [D:/OLD Desktops/Desktop Karadere/Vivado Projects/Term_Project/Term_Project.srcs/constrs_1/new/MUSIC_TOP_CONST.xdc:50]
Resolution: If [get_<value>] was used to populate the object, check to make sure this command returns at least one valid object.
WARNING: [Vivado 12-584] No ports matched 'inp_notes[6]'. [D:/OLD Desktops/Desktop Karadere/Vivado Projects/Term_Project/Term_Project.srcs/constrs_1/new/MUSIC_TOP_CONST.xdc:56]
CRITICAL WARNING: [Common 17-55] 'set_property' expects at least one object. [D:/OLD Desktops/Desktop Karadere/Vivado Projects/Term_Project/Term_Project.srcs/constrs_1/new/MUSIC_TOP_CONST.xdc:56]
Resolution: If [get_<value>] was used to populate the object, check to make sure this command returns at least one valid object.
WARNING: [Vivado 12-584] No ports matched 'inp_notes[6]'. [D:/OLD Desktops/Desktop Karadere/Vivado Projects/Term_Project/Term_Project.srcs/constrs_1/new/MUSIC_TOP_CONST.xdc:57]
CRITICAL WARNING: [Common 17-55] 'set_property' expects at least one object. [D:/OLD Desktops/Desktop Karadere/Vivado Projects/Term_Project/Term_Project.srcs/constrs_1/new/MUSIC_TOP_CONST.xdc:57]
Resolution: If [get_<value>] was used to populate the object, check to make sure this command returns at least one valid object.
WARNING: [Vivado 12-584] No ports matched 'inp_notes[5]'. [D:/OLD Desktops/Desktop Karadere/Vivado Projects/Term_Project/Term_Project.srcs/constrs_1/new/MUSIC_TOP_CONST.xdc:59]
CRITICAL WARNING: [Common 17-55] 'set_property' expects at least one object. [D:/OLD Desktops/Desktop Karadere/Vivado Projects/Term_Project/Term_Project.srcs/constrs_1/new/MUSIC_TOP_CONST.xdc:59]
Resolution: If [get_<value>] was used to populate the object, check to make sure this command returns at least one valid object.
WARNING: [Vivado 12-584] No ports matched 'inp_notes[5]'. [D:/OLD Desktops/Desktop Karadere/Vivado Projects/Term_Project/Term_Project.srcs/constrs_1/new/MUSIC_TOP_CONST.xdc:60]
CRITICAL WARNING: [Common 17-55] 'set_property' expects at least one object. [D:/OLD Desktops/Desktop Karadere/Vivado Projects/Term_Project/Term_Project.srcs/constrs_1/new/MUSIC_TOP_CONST.xdc:60]
Resolution: If [get_<value>] was used to populate the object, check to make sure this command returns at least one valid object.
WARNING: [Vivado 12-584] No ports matched 'inp_notes[4]'. [D:/OLD Desktops/Desktop Karadere/Vivado Projects/Term_Project/Term_Project.srcs/constrs_1/new/MUSIC_TOP_CONST.xdc:62]
CRITICAL WARNING: [Common 17-55] 'set_property' expects at least one object. [D:/OLD Desktops/Desktop Karadere/Vivado Projects/Term_Project/Term_Project.srcs/constrs_1/new/MUSIC_TOP_CONST.xdc:62]
Resolution: If [get_<value>] was used to populate the object, check to make sure this command returns at least one valid object.
WARNING: [Vivado 12-584] No ports matched 'inp_notes[4]'. [D:/OLD Desktops/Desktop Karadere/Vivado Projects/Term_Project/Term_Project.srcs/constrs_1/new/MUSIC_TOP_CONST.xdc:63]
CRITICAL WARNING: [Common 17-55] 'set_property' expects at least one object. [D:/OLD Desktops/Desktop Karadere/Vivado Projects/Term_Project/Term_Project.srcs/constrs_1/new/MUSIC_TOP_CONST.xdc:63]
Resolution: If [get_<value>] was used to populate the object, check to make sure this command returns at least one valid object.
WARNING: [Vivado 12-584] No ports matched 'inp_notes[3]'. [D:/OLD Desktops/Desktop Karadere/Vivado Projects/Term_Project/Term_Project.srcs/constrs_1/new/MUSIC_TOP_CONST.xdc:65]
CRITICAL WARNING: [Common 17-55] 'set_property' expects at least one object. [D:/OLD Desktops/Desktop Karadere/Vivado Projects/Term_Project/Term_Project.srcs/constrs_1/new/MUSIC_TOP_CONST.xdc:65]
Resolution: If [get_<value>] was used to populate the object, check to make sure this command returns at least one valid object.
WARNING: [Vivado 12-584] No ports matched 'inp_notes[3]'. [D:/OLD Desktops/Desktop Karadere/Vivado Projects/Term_Project/Term_Project.srcs/constrs_1/new/MUSIC_TOP_CONST.xdc:66]
CRITICAL WARNING: [Common 17-55] 'set_property' expects at least one object. [D:/OLD Desktops/Desktop Karadere/Vivado Projects/Term_Project/Term_Project.srcs/constrs_1/new/MUSIC_TOP_CONST.xdc:66]
Resolution: If [get_<value>] was used to populate the object, check to make sure this command returns at least one valid object.
WARNING: [Vivado 12-584] No ports matched 'inp_notes[2]'. [D:/OLD Desktops/Desktop Karadere/Vivado Projects/Term_Project/Term_Project.srcs/constrs_1/new/MUSIC_TOP_CONST.xdc:68]
CRITICAL WARNING: [Common 17-55] 'set_property' expects at least one object. [D:/OLD Desktops/Desktop Karadere/Vivado Projects/Term_Project/Term_Project.srcs/constrs_1/new/MUSIC_TOP_CONST.xdc:68]
Resolution: If [get_<value>] was used to populate the object, check to make sure this command returns at least one valid object.
WARNING: [Vivado 12-584] No ports matched 'inp_notes[2]'. [D:/OLD Desktops/Desktop Karadere/Vivado Projects/Term_Project/Term_Project.srcs/constrs_1/new/MUSIC_TOP_CONST.xdc:69]
CRITICAL WARNING: [Common 17-55] 'set_property' expects at least one object. [D:/OLD Desktops/Desktop Karadere/Vivado Projects/Term_Project/Term_Project.srcs/constrs_1/new/MUSIC_TOP_CONST.xdc:69]
Resolution: If [get_<value>] was used to populate the object, check to make sure this command returns at least one valid object.
WARNING: [Vivado 12-584] No ports matched 'inp_notes[1]'. [D:/OLD Desktops/Desktop Karadere/Vivado Projects/Term_Project/Term_Project.srcs/constrs_1/new/MUSIC_TOP_CONST.xdc:71]
CRITICAL WARNING: [Common 17-55] 'set_property' expects at least one object. [D:/OLD Desktops/Desktop Karadere/Vivado Projects/Term_Project/Term_Project.srcs/constrs_1/new/MUSIC_TOP_CONST.xdc:71]
Resolution: If [get_<value>] was used to populate the object, check to make sure this command returns at least one valid object.
WARNING: [Vivado 12-584] No ports matched 'inp_notes[1]'. [D:/OLD Desktops/Desktop Karadere/Vivado Projects/Term_Project/Term_Project.srcs/constrs_1/new/MUSIC_TOP_CONST.xdc:72]
CRITICAL WARNING: [Common 17-55] 'set_property' expects at least one object. [D:/OLD Desktops/Desktop Karadere/Vivado Projects/Term_Project/Term_Project.srcs/constrs_1/new/MUSIC_TOP_CONST.xdc:72]
Resolution: If [get_<value>] was used to populate the object, check to make sure this command returns at least one valid object.
WARNING: [Vivado 12-584] No ports matched 'inp_notes[0]'. [D:/OLD Desktops/Desktop Karadere/Vivado Projects/Term_Project/Term_Project.srcs/constrs_1/new/MUSIC_TOP_CONST.xdc:74]
CRITICAL WARNING: [Common 17-55] 'set_property' expects at least one object. [D:/OLD Desktops/Desktop Karadere/Vivado Projects/Term_Project/Term_Project.srcs/constrs_1/new/MUSIC_TOP_CONST.xdc:74]
Resolution: If [get_<value>] was used to populate the object, check to make sure this command returns at least one valid object.
WARNING: [Vivado 12-584] No ports matched 'inp_notes[0]'. [D:/OLD Desktops/Desktop Karadere/Vivado Projects/Term_Project/Term_Project.srcs/constrs_1/new/MUSIC_TOP_CONST.xdc:75]
CRITICAL WARNING: [Common 17-55] 'set_property' expects at least one object. [D:/OLD Desktops/Desktop Karadere/Vivado Projects/Term_Project/Term_Project.srcs/constrs_1/new/MUSIC_TOP_CONST.xdc:75]
Resolution: If [get_<value>] was used to populate the object, check to make sure this command returns at least one valid object.
WARNING: [Vivado 12-584] No ports matched 'R[0]'. [D:/OLD Desktops/Desktop Karadere/Vivado Projects/Term_Project/Term_Project.srcs/constrs_1/new/MUSIC_TOP_CONST.xdc:79]
CRITICAL WARNING: [Common 17-55] 'set_property' expects at least one object. [D:/OLD Desktops/Desktop Karadere/Vivado Projects/Term_Project/Term_Project.srcs/constrs_1/new/MUSIC_TOP_CONST.xdc:79]
Resolution: If [get_<value>] was used to populate the object, check to make sure this command returns at least one valid object.
WARNING: [Vivado 12-584] No ports matched 'R[0]'. [D:/OLD Desktops/Desktop Karadere/Vivado Projects/Term_Project/Term_Project.srcs/constrs_1/new/MUSIC_TOP_CONST.xdc:80]
CRITICAL WARNING: [Common 17-55] 'set_property' expects at least one object. [D:/OLD Desktops/Desktop Karadere/Vivado Projects/Term_Project/Term_Project.srcs/constrs_1/new/MUSIC_TOP_CONST.xdc:80]
Resolution: If [get_<value>] was used to populate the object, check to make sure this command returns at least one valid object.
WARNING: [Vivado 12-584] No ports matched 'R[1]'. [D:/OLD Desktops/Desktop Karadere/Vivado Projects/Term_Project/Term_Project.srcs/constrs_1/new/MUSIC_TOP_CONST.xdc:81]
CRITICAL WARNING: [Common 17-55] 'set_property' expects at least one object. [D:/OLD Desktops/Desktop Karadere/Vivado Projects/Term_Project/Term_Project.srcs/constrs_1/new/MUSIC_TOP_CONST.xdc:81]
Resolution: If [get_<value>] was used to populate the object, check to make sure this command returns at least one valid object.
WARNING: [Vivado 12-584] No ports matched 'R[1]'. [D:/OLD Desktops/Desktop Karadere/Vivado Projects/Term_Project/Term_Project.srcs/constrs_1/new/MUSIC_TOP_CONST.xdc:82]
CRITICAL WARNING: [Common 17-55] 'set_property' expects at least one object. [D:/OLD Desktops/Desktop Karadere/Vivado Projects/Term_Project/Term_Project.srcs/constrs_1/new/MUSIC_TOP_CONST.xdc:82]
Resolution: If [get_<value>] was used to populate the object, check to make sure this command returns at least one valid object.
WARNING: [Vivado 12-584] No ports matched 'R[2]'. [D:/OLD Desktops/Desktop Karadere/Vivado Projects/Term_Project/Term_Project.srcs/constrs_1/new/MUSIC_TOP_CONST.xdc:83]
CRITICAL WARNING: [Common 17-55] 'set_property' expects at least one object. [D:/OLD Desktops/Desktop Karadere/Vivado Projects/Term_Project/Term_Project.srcs/constrs_1/new/MUSIC_TOP_CONST.xdc:83]
Resolution: If [get_<value>] was used to populate the object, check to make sure this command returns at least one valid object.
WARNING: [Vivado 12-584] No ports matched 'R[2]'. [D:/OLD Desktops/Desktop Karadere/Vivado Projects/Term_Project/Term_Project.srcs/constrs_1/new/MUSIC_TOP_CONST.xdc:84]
CRITICAL WARNING: [Common 17-55] 'set_property' expects at least one object. [D:/OLD Desktops/Desktop Karadere/Vivado Projects/Term_Project/Term_Project.srcs/constrs_1/new/MUSIC_TOP_CONST.xdc:84]
Resolution: If [get_<value>] was used to populate the object, check to make sure this command returns at least one valid object.
WARNING: [Vivado 12-584] No ports matched 'R[3]'. [D:/OLD Desktops/Desktop Karadere/Vivado Projects/Term_Project/Term_Project.srcs/constrs_1/new/MUSIC_TOP_CONST.xdc:85]
CRITICAL WARNING: [Common 17-55] 'set_property' expects at least one object. [D:/OLD Desktops/Desktop Karadere/Vivado Projects/Term_Project/Term_Project.srcs/constrs_1/new/MUSIC_TOP_CONST.xdc:85]
Resolution: If [get_<value>] was used to populate the object, check to make sure this command returns at least one valid object.
WARNING: [Vivado 12-584] No ports matched 'R[3]'. [D:/OLD Desktops/Desktop Karadere/Vivado Projects/Term_Project/Term_Project.srcs/constrs_1/new/MUSIC_TOP_CONST.xdc:86]
CRITICAL WARNING: [Common 17-55] 'set_property' expects at least one object. [D:/OLD Desktops/Desktop Karadere/Vivado Projects/Term_Project/Term_Project.srcs/constrs_1/new/MUSIC_TOP_CONST.xdc:86]
Resolution: If [get_<value>] was used to populate the object, check to make sure this command returns at least one valid object.
WARNING: [Vivado 12-584] No ports matched 'B[0]'. [D:/OLD Desktops/Desktop Karadere/Vivado Projects/Term_Project/Term_Project.srcs/constrs_1/new/MUSIC_TOP_CONST.xdc:87]
CRITICAL WARNING: [Common 17-55] 'set_property' expects at least one object. [D:/OLD Desktops/Desktop Karadere/Vivado Projects/Term_Project/Term_Project.srcs/constrs_1/new/MUSIC_TOP_CONST.xdc:87]
Resolution: If [get_<value>] was used to populate the object, check to make sure this command returns at least one valid object.
WARNING: [Vivado 12-584] No ports matched 'B[0]'. [D:/OLD Desktops/Desktop Karadere/Vivado Projects/Term_Project/Term_Project.srcs/constrs_1/new/MUSIC_TOP_CONST.xdc:88]
CRITICAL WARNING: [Common 17-55] 'set_property' expects at least one object. [D:/OLD Desktops/Desktop Karadere/Vivado Projects/Term_Project/Term_Project.srcs/constrs_1/new/MUSIC_TOP_CONST.xdc:88]
Resolution: If [get_<value>] was used to populate the object, check to make sure this command returns at least one valid object.
WARNING: [Vivado 12-584] No ports matched 'B[1]'. [D:/OLD Desktops/Desktop Karadere/Vivado Projects/Term_Project/Term_Project.srcs/constrs_1/new/MUSIC_TOP_CONST.xdc:89]
CRITICAL WARNING: [Common 17-55] 'set_property' expects at least one object. [D:/OLD Desktops/Desktop Karadere/Vivado Projects/Term_Project/Term_Project.srcs/constrs_1/new/MUSIC_TOP_CONST.xdc:89]
Resolution: If [get_<value>] was used to populate the object, check to make sure this command returns at least one valid object.
WARNING: [Vivado 12-584] No ports matched 'B[1]'. [D:/OLD Desktops/Desktop Karadere/Vivado Projects/Term_Project/Term_Project.srcs/constrs_1/new/MUSIC_TOP_CONST.xdc:90]
CRITICAL WARNING: [Common 17-55] 'set_property' expects at least one object. [D:/OLD Desktops/Desktop Karadere/Vivado Projects/Term_Project/Term_Project.srcs/constrs_1/new/MUSIC_TOP_CONST.xdc:90]
Resolution: If [get_<value>] was used to populate the object, check to make sure this command returns at least one valid object.
WARNING: [Vivado 12-584] No ports matched 'B[2]'. [D:/OLD Desktops/Desktop Karadere/Vivado Projects/Term_Project/Term_Project.srcs/constrs_1/new/MUSIC_TOP_CONST.xdc:91]
CRITICAL WARNING: [Common 17-55] 'set_property' expects at least one object. [D:/OLD Desktops/Desktop Karadere/Vivado Projects/Term_Project/Term_Project.srcs/constrs_1/new/MUSIC_TOP_CONST.xdc:91]
Resolution: If [get_<value>] was used to populate the object, check to make sure this command returns at least one valid object.
WARNING: [Vivado 12-584] No ports matched 'B[2]'. [D:/OLD Desktops/Desktop Karadere/Vivado Projects/Term_Project/Term_Project.srcs/constrs_1/new/MUSIC_TOP_CONST.xdc:92]
CRITICAL WARNING: [Common 17-55] 'set_property' expects at least one object. [D:/OLD Desktops/Desktop Karadere/Vivado Projects/Term_Project/Term_Project.srcs/constrs_1/new/MUSIC_TOP_CONST.xdc:92]
Resolution: If [get_<value>] was used to populate the object, check to make sure this command returns at least one valid object.
WARNING: [Vivado 12-584] No ports matched 'B[3]'. [D:/OLD Desktops/Desktop Karadere/Vivado Projects/Term_Project/Term_Project.srcs/constrs_1/new/MUSIC_TOP_CONST.xdc:93]
CRITICAL WARNING: [Common 17-55] 'set_property' expects at least one object. [D:/OLD Desktops/Desktop Karadere/Vivado Projects/Term_Project/Term_Project.srcs/constrs_1/new/MUSIC_TOP_CONST.xdc:93]
Resolution: If [get_<value>] was used to populate the object, check to make sure this command returns at least one valid object.
WARNING: [Vivado 12-584] No ports matched 'B[3]'. [D:/OLD Desktops/Desktop Karadere/Vivado Projects/Term_Project/Term_Project.srcs/constrs_1/new/MUSIC_TOP_CONST.xdc:94]
CRITICAL WARNING: [Common 17-55] 'set_property' expects at least one object. [D:/OLD Desktops/Desktop Karadere/Vivado Projects/Term_Project/Term_Project.srcs/constrs_1/new/MUSIC_TOP_CONST.xdc:94]
Resolution: If [get_<value>] was used to populate the object, check to make sure this command returns at least one valid object.
WARNING: [Vivado 12-584] No ports matched 'G[0]'. [D:/OLD Desktops/Desktop Karadere/Vivado Projects/Term_Project/Term_Project.srcs/constrs_1/new/MUSIC_TOP_CONST.xdc:95]
CRITICAL WARNING: [Common 17-55] 'set_property' expects at least one object. [D:/OLD Desktops/Desktop Karadere/Vivado Projects/Term_Project/Term_Project.srcs/constrs_1/new/MUSIC_TOP_CONST.xdc:95]
Resolution: If [get_<value>] was used to populate the object, check to make sure this command returns at least one valid object.
WARNING: [Vivado 12-584] No ports matched 'G[0]'. [D:/OLD Desktops/Desktop Karadere/Vivado Projects/Term_Project/Term_Project.srcs/constrs_1/new/MUSIC_TOP_CONST.xdc:96]
CRITICAL WARNING: [Common 17-55] 'set_property' expects at least one object. [D:/OLD Desktops/Desktop Karadere/Vivado Projects/Term_Project/Term_Project.srcs/constrs_1/new/MUSIC_TOP_CONST.xdc:96]
Resolution: If [get_<value>] was used to populate the object, check to make sure this command returns at least one valid object.
WARNING: [Vivado 12-584] No ports matched 'G[1]'. [D:/OLD Desktops/Desktop Karadere/Vivado Projects/Term_Project/Term_Project.srcs/constrs_1/new/MUSIC_TOP_CONST.xdc:97]
CRITICAL WARNING: [Common 17-55] 'set_property' expects at least one object. [D:/OLD Desktops/Desktop Karadere/Vivado Projects/Term_Project/Term_Project.srcs/constrs_1/new/MUSIC_TOP_CONST.xdc:97]
Resolution: If [get_<value>] was used to populate the object, check to make sure this command returns at least one valid object.
WARNING: [Vivado 12-584] No ports matched 'G[1]'. [D:/OLD Desktops/Desktop Karadere/Vivado Projects/Term_Project/Term_Project.srcs/constrs_1/new/MUSIC_TOP_CONST.xdc:98]
CRITICAL WARNING: [Common 17-55] 'set_property' expects at least one object. [D:/OLD Desktops/Desktop Karadere/Vivado Projects/Term_Project/Term_Project.srcs/constrs_1/new/MUSIC_TOP_CONST.xdc:98]
Resolution: If [get_<value>] was used to populate the object, check to make sure this command returns at least one valid object.
WARNING: [Vivado 12-584] No ports matched 'G[2]'. [D:/OLD Desktops/Desktop Karadere/Vivado Projects/Term_Project/Term_Project.srcs/constrs_1/new/MUSIC_TOP_CONST.xdc:99]
CRITICAL WARNING: [Common 17-55] 'set_property' expects at least one object. [D:/OLD Desktops/Desktop Karadere/Vivado Projects/Term_Project/Term_Project.srcs/constrs_1/new/MUSIC_TOP_CONST.xdc:99]
Resolution: If [get_<value>] was used to populate the object, check to make sure this command returns at least one valid object.
WARNING: [Vivado 12-584] No ports matched 'G[2]'. [D:/OLD Desktops/Desktop Karadere/Vivado Projects/Term_Project/Term_Project.srcs/constrs_1/new/MUSIC_TOP_CONST.xdc:100]
CRITICAL WARNING: [Common 17-55] 'set_property' expects at least one object. [D:/OLD Desktops/Desktop Karadere/Vivado Projects/Term_Project/Term_Project.srcs/constrs_1/new/MUSIC_TOP_CONST.xdc:100]
Resolution: If [get_<value>] was used to populate the object, check to make sure this command returns at least one valid object.
WARNING: [Vivado 12-584] No ports matched 'G[3]'. [D:/OLD Desktops/Desktop Karadere/Vivado Projects/Term_Project/Term_Project.srcs/constrs_1/new/MUSIC_TOP_CONST.xdc:101]
CRITICAL WARNING: [Common 17-55] 'set_property' expects at least one object. [D:/OLD Desktops/Desktop Karadere/Vivado Projects/Term_Project/Term_Project.srcs/constrs_1/new/MUSIC_TOP_CONST.xdc:101]
Resolution: If [get_<value>] was used to populate the object, check to make sure this command returns at least one valid object.
WARNING: [Vivado 12-584] No ports matched 'G[3]'. [D:/OLD Desktops/Desktop Karadere/Vivado Projects/Term_Project/Term_Project.srcs/constrs_1/new/MUSIC_TOP_CONST.xdc:102]
CRITICAL WARNING: [Common 17-55] 'set_property' expects at least one object. [D:/OLD Desktops/Desktop Karadere/Vivado Projects/Term_Project/Term_Project.srcs/constrs_1/new/MUSIC_TOP_CONST.xdc:102]
Resolution: If [get_<value>] was used to populate the object, check to make sure this command returns at least one valid object.
WARNING: [Vivado 12-584] No ports matched 'hsync'. [D:/OLD Desktops/Desktop Karadere/Vivado Projects/Term_Project/Term_Project.srcs/constrs_1/new/MUSIC_TOP_CONST.xdc:103]
CRITICAL WARNING: [Common 17-55] 'set_property' expects at least one object. [D:/OLD Desktops/Desktop Karadere/Vivado Projects/Term_Project/Term_Project.srcs/constrs_1/new/MUSIC_TOP_CONST.xdc:103]
Resolution: If [get_<value>] was used to populate the object, check to make sure this command returns at least one valid object.
WARNING: [Vivado 12-584] No ports matched 'hsync'. [D:/OLD Desktops/Desktop Karadere/Vivado Projects/Term_Project/Term_Project.srcs/constrs_1/new/MUSIC_TOP_CONST.xdc:104]
CRITICAL WARNING: [Common 17-55] 'set_property' expects at least one object. [D:/OLD Desktops/Desktop Karadere/Vivado Projects/Term_Project/Term_Project.srcs/constrs_1/new/MUSIC_TOP_CONST.xdc:104]
Resolution: If [get_<value>] was used to populate the object, check to make sure this command returns at least one valid object.
WARNING: [Vivado 12-584] No ports matched 'vsync'. [D:/OLD Desktops/Desktop Karadere/Vivado Projects/Term_Project/Term_Project.srcs/constrs_1/new/MUSIC_TOP_CONST.xdc:105]
CRITICAL WARNING: [Common 17-55] 'set_property' expects at least one object. [D:/OLD Desktops/Desktop Karadere/Vivado Projects/Term_Project/Term_Project.srcs/constrs_1/new/MUSIC_TOP_CONST.xdc:105]
Resolution: If [get_<value>] was used to populate the object, check to make sure this command returns at least one valid object.
WARNING: [Vivado 12-584] No ports matched 'vsync'. [D:/OLD Desktops/Desktop Karadere/Vivado Projects/Term_Project/Term_Project.srcs/constrs_1/new/MUSIC_TOP_CONST.xdc:106]
CRITICAL WARNING: [Common 17-55] 'set_property' expects at least one object. [D:/OLD Desktops/Desktop Karadere/Vivado Projects/Term_Project/Term_Project.srcs/constrs_1/new/MUSIC_TOP_CONST.xdc:106]
Resolution: If [get_<value>] was used to populate the object, check to make sure this command returns at least one valid object.
Finished Parsing XDC File [D:/OLD Desktops/Desktop Karadere/Vivado Projects/Term_Project/Term_Project.srcs/constrs_1/new/MUSIC_TOP_CONST.xdc]
INFO: [Project 1-236] Implementation specific constraints were found while reading constraint file [D:/OLD Desktops/Desktop Karadere/Vivado Projects/Term_Project/Term_Project.srcs/constrs_1/new/MUSIC_TOP_CONST.xdc]. These constraints will be ignored for synthesis but will be used in implementation. Impacted constraints are listed in the file [.Xil/Top_music_propImpl.xdc].
Resolution: To avoid this warning, move constraints listed in [.Xil/Top_music_propImpl.xdc] to another XDC file and exclude this new file from synthesis with the used_in_synthesis property (File Properties dialog in GUI) and re-run elaboration/synthesis.
Completed Processing XDC Constraints

INFO: [Project 1-111] Unisim Transformation Summary:
No Unisim elements were transformed.

Constraint Validation Runtime : Time (s): cpu = 00:00:00 ; elapsed = 00:00:00.003 . Memory (MB): peak = 617.324 ; gain = 0.000
---------------------------------------------------------------------------------
Finished Constraint Validation : Time (s): cpu = 00:00:10 ; elapsed = 00:00:14 . Memory (MB): peak = 617.324 ; gain = 407.883
---------------------------------------------------------------------------------
---------------------------------------------------------------------------------
Start Loading Part and Timing Information
---------------------------------------------------------------------------------
Loading part: xc7a35tcpg236-1
---------------------------------------------------------------------------------
Finished Loading Part and Timing Information : Time (s): cpu = 00:00:10 ; elapsed = 00:00:14 . Memory (MB): peak = 617.324 ; gain = 407.883
---------------------------------------------------------------------------------
---------------------------------------------------------------------------------
Start Applying 'set_property' XDC Constraints
---------------------------------------------------------------------------------
---------------------------------------------------------------------------------
Finished applying 'set_property' XDC Constraints : Time (s): cpu = 00:00:10 ; elapsed = 00:00:14 . Memory (MB): peak = 617.324 ; gain = 407.883
---------------------------------------------------------------------------------
INFO: [Synth 8-5546] ROM "frequency_1" won't be mapped to RAM because it is too sparse
INFO: [Synth 8-5546] ROM "frequency_1" won't be mapped to RAM because it is too sparse
INFO: [Synth 8-5546] ROM "frequency_1" won't be mapped to RAM because it is too sparse
INFO: [Synth 8-5546] ROM "frequency_2" won't be mapped to RAM because it is too sparse
INFO: [Synth 8-5546] ROM "frequency_2" won't be mapped to RAM because it is too sparse
INFO: [Synth 8-5546] ROM "frequency_2" won't be mapped to RAM because it is too sparse
INFO: [Synth 8-5546] ROM "constant1" won't be mapped to RAM because it is too sparse
INFO: [Synth 8-5546] ROM "constant1" won't be mapped to RAM because it is too sparse
INFO: [Synth 8-5546] ROM "constant1" won't be mapped to RAM because it is too sparse
INFO: [Synth 8-5546] ROM "constant2" won't be mapped to RAM because it is too sparse
INFO: [Synth 8-5546] ROM "constant2" won't be mapped to RAM because it is too sparse
INFO: [Synth 8-5546] ROM "constant2" won't be mapped to RAM because it is too sparse
WARNING: [Synth 8-327] inferring latch for variable 'frequency_1_reg' [D:/OLD Desktops/Desktop Karadere/Vivado Projects/Term_Project/Term_Project.srcs/sources_1/new/instrument_notes.vhd:23]
WARNING: [Synth 8-327] inferring latch for variable 'frequency_2_reg' [D:/OLD Desktops/Desktop Karadere/Vivado Projects/Term_Project/Term_Project.srcs/sources_1/new/instrument_notes.vhd:24]
WARNING: [Synth 8-327] inferring latch for variable 'constant1_reg' [D:/OLD Desktops/Desktop Karadere/Vivado Projects/Term_Project/Term_Project.srcs/sources_1/new/instrument_notes.vhd:25]
WARNING: [Synth 8-327] inferring latch for variable 'constant2_reg' [D:/OLD Desktops/Desktop Karadere/Vivado Projects/Term_Project/Term_Project.srcs/sources_1/new/instrument_notes.vhd:26]
---------------------------------------------------------------------------------
Finished RTL Optimization Phase 2 : Time (s): cpu = 00:00:10 ; elapsed = 00:00:15 . Memory (MB): peak = 617.324 ; gain = 407.883
---------------------------------------------------------------------------------

Report RTL Partitions: 
+-+--------------+------------+----------+
| |RTL Partition |Replication |Instances |
+-+--------------+------------+----------+
+-+--------------+------------+----------+
---------------------------------------------------------------------------------
Start RTL Component Statistics 
---------------------------------------------------------------------------------
Detailed RTL Component Info : 
+---Adders : 
	   2 Input     31 Bit       Adders := 6     
	   2 Input     28 Bit       Adders := 4     
	   2 Input      8 Bit       Adders := 4     
	   2 Input      7 Bit       Adders := 4     
+---Registers : 
	                8 Bit    Registers := 4     
	                7 Bit    Registers := 8     
	                1 Bit    Registers := 4     
+---ROMs : 
	                              ROMs := 4     
+---Muxes : 
	   2 Input     31 Bit        Muxes := 6     
	   2 Input     28 Bit        Muxes := 4     
	  10 Input     13 Bit        Muxes := 1     
	  10 Input     12 Bit        Muxes := 1     
	   8 Input     12 Bit        Muxes := 1     
	   8 Input     11 Bit        Muxes := 2     
	   8 Input     10 Bit        Muxes := 1     
	   2 Input      8 Bit        Muxes := 3     
	   8 Input      5 Bit        Muxes := 4     
	  10 Input      5 Bit        Muxes := 2     
	   4 Input      1 Bit        Muxes := 1     
---------------------------------------------------------------------------------
Finished RTL Component Statistics 
---------------------------------------------------------------------------------
---------------------------------------------------------------------------------
Start RTL Hierarchical Component Statistics 
---------------------------------------------------------------------------------
Hierarchical RTL Component report 
Module Top_music 
Detailed RTL Component Info : 
+---Muxes : 
	   2 Input      8 Bit        Muxes := 1     
Module clock_divider 
Detailed RTL Component Info : 
+---Adders : 
	   2 Input     31 Bit       Adders := 1     
	   2 Input     28 Bit       Adders := 1     
+---Registers : 
	                1 Bit    Registers := 1     
+---Muxes : 
	   2 Input     31 Bit        Muxes := 1     
	   2 Input     28 Bit        Muxes := 1     
Module wave_producer 
Detailed RTL Component Info : 
+---Adders : 
	   2 Input      7 Bit       Adders := 1     
+---Registers : 
	                8 Bit    Registers := 1     
	                7 Bit    Registers := 2     
+---ROMs : 
	                              ROMs := 1     
Module adder_sine 
Detailed RTL Component Info : 
+---Adders : 
	   2 Input     31 Bit       Adders := 1     
	   2 Input      8 Bit       Adders := 2     
+---Muxes : 
	   2 Input     31 Bit        Muxes := 1     
	   2 Input      8 Bit        Muxes := 1     
Module note_inst 
Detailed RTL Component Info : 
+---Muxes : 
	  10 Input     13 Bit        Muxes := 1     
	  10 Input     12 Bit        Muxes := 1     
	   8 Input     12 Bit        Muxes := 1     
	   8 Input     11 Bit        Muxes := 2     
	   8 Input     10 Bit        Muxes := 1     
	   8 Input      5 Bit        Muxes := 4     
	  10 Input      5 Bit        Muxes := 2     
	   4 Input      1 Bit        Muxes := 1     
Module sawtooth_generator 
Detailed RTL Component Info : 
+---Adders : 
	   2 Input      7 Bit       Adders := 1     
+---Registers : 
	                8 Bit    Registers := 1     
	                7 Bit    Registers := 2     
+---ROMs : 
	                              ROMs := 1     
Module Sawtooth_adder 
Detailed RTL Component Info : 
+---Adders : 
	   2 Input     31 Bit       Adders := 1     
	   2 Input      8 Bit       Adders := 2     
+---Muxes : 
	   2 Input     31 Bit        Muxes := 1     
	   2 Input      8 Bit        Muxes := 1     
---------------------------------------------------------------------------------
Finished RTL Hierarchical Component Statistics
---------------------------------------------------------------------------------
---------------------------------------------------------------------------------
Start Part Resource Summary
---------------------------------------------------------------------------------
Part Resources:
DSPs: 90 (col length:60)
BRAMs: 100 (col length: RAMB18 60 RAMB36 30)
---------------------------------------------------------------------------------
Finished Part Resource Summary
---------------------------------------------------------------------------------
---------------------------------------------------------------------------------
Start Cross Boundary and Area Optimization
---------------------------------------------------------------------------------
DSP Report: Generating DSP frequen, operation Mode is: A*(B:0x64).
DSP Report: operator frequen is absorbed into DSP frequen.
DSP Report: Generating DSP frequen, operation Mode is: A*(B:0x64).
DSP Report: operator frequen is absorbed into DSP frequen.
INFO: [Synth 8-5546] ROM "frequency_1" won't be mapped to RAM because it is too sparse
INFO: [Synth 8-5546] ROM "frequency_1" won't be mapped to RAM because it is too sparse
INFO: [Synth 8-5546] ROM "frequency_2" won't be mapped to RAM because it is too sparse
INFO: [Synth 8-5546] ROM "frequency_2" won't be mapped to RAM because it is too sparse
INFO: [Synth 8-5546] ROM "constant1" won't be mapped to RAM because it is too sparse
INFO: [Synth 8-5546] ROM "constant1" won't be mapped to RAM because it is too sparse
INFO: [Synth 8-5546] ROM "constant2" won't be mapped to RAM because it is too sparse
INFO: [Synth 8-5546] ROM "constant2" won't be mapped to RAM because it is too sparse
DSP Report: Generating DSP frequen, operation Mode is: A*(B:0x64).
DSP Report: operator frequen is absorbed into DSP frequen.
DSP Report: Generating DSP frequen, operation Mode is: A*(B:0x64).
DSP Report: operator frequen is absorbed into DSP frequen.
INFO: [Synth 8-3886] merging instance 'inst_notes/constant2_reg[31]' (LD) to 'inst_notes/frequency_1_reg[11]'
INFO: [Synth 8-3886] merging instance 'inst_notes/constant2_reg[30]' (LD) to 'inst_notes/frequency_1_reg[11]'
INFO: [Synth 8-3886] merging instance 'inst_notes/constant2_reg[29]' (LD) to 'inst_notes/frequency_1_reg[11]'
INFO: [Synth 8-3886] merging instance 'inst_notes/constant2_reg[28]' (LD) to 'inst_notes/frequency_1_reg[11]'
INFO: [Synth 8-3886] merging instance 'inst_notes/constant2_reg[27]' (LD) to 'inst_notes/frequency_1_reg[11]'
INFO: [Synth 8-3886] merging instance 'inst_notes/constant2_reg[26]' (LD) to 'inst_notes/frequency_1_reg[11]'
INFO: [Synth 8-3886] merging instance 'inst_notes/constant2_reg[25]' (LD) to 'inst_notes/frequency_1_reg[11]'
INFO: [Synth 8-3886] merging instance 'inst_notes/constant2_reg[24]' (LD) to 'inst_notes/frequency_1_reg[11]'
INFO: [Synth 8-3886] merging instance 'inst_notes/constant2_reg[23]' (LD) to 'inst_notes/frequency_1_reg[11]'
INFO: [Synth 8-3886] merging instance 'inst_notes/constant2_reg[22]' (LD) to 'inst_notes/frequency_1_reg[11]'
INFO: [Synth 8-3886] merging instance 'inst_notes/constant2_reg[21]' (LD) to 'inst_notes/frequency_1_reg[11]'
INFO: [Synth 8-3886] merging instance 'inst_notes/constant2_reg[20]' (LD) to 'inst_notes/frequency_1_reg[11]'
INFO: [Synth 8-3886] merging instance 'inst_notes/constant2_reg[19]' (LD) to 'inst_notes/frequency_1_reg[11]'
INFO: [Synth 8-3886] merging instance 'inst_notes/constant2_reg[18]' (LD) to 'inst_notes/frequency_1_reg[11]'
INFO: [Synth 8-3886] merging instance 'inst_notes/constant2_reg[17]' (LD) to 'inst_notes/frequency_1_reg[11]'
INFO: [Synth 8-3886] merging instance 'inst_notes/constant2_reg[16]' (LD) to 'inst_notes/frequency_1_reg[11]'
INFO: [Synth 8-3886] merging instance 'inst_notes/constant2_reg[15]' (LD) to 'inst_notes/frequency_1_reg[11]'
INFO: [Synth 8-3886] merging instance 'inst_notes/constant2_reg[14]' (LD) to 'inst_notes/frequency_1_reg[11]'
INFO: [Synth 8-3886] merging instance 'inst_notes/constant2_reg[13]' (LD) to 'inst_notes/frequency_1_reg[11]'
INFO: [Synth 8-3886] merging instance 'inst_notes/constant2_reg[12]' (LD) to 'inst_notes/frequency_1_reg[11]'
INFO: [Synth 8-3886] merging instance 'inst_notes/constant2_reg[11]' (LD) to 'inst_notes/frequency_1_reg[11]'
INFO: [Synth 8-3886] merging instance 'inst_notes/constant2_reg[10]' (LD) to 'inst_notes/frequency_1_reg[11]'
INFO: [Synth 8-3886] merging instance 'inst_notes/constant2_reg[9]' (LD) to 'inst_notes/frequency_1_reg[11]'
INFO: [Synth 8-3886] merging instance 'inst_notes/constant2_reg[8]' (LD) to 'inst_notes/frequency_1_reg[11]'
INFO: [Synth 8-3886] merging instance 'inst_notes/constant2_reg[7]' (LD) to 'inst_notes/frequency_1_reg[11]'
INFO: [Synth 8-3886] merging instance 'inst_notes/constant2_reg[6]' (LD) to 'inst_notes/frequency_1_reg[11]'
INFO: [Synth 8-3886] merging instance 'inst_notes/constant2_reg[5]' (LD) to 'inst_notes/frequency_1_reg[11]'
INFO: [Synth 8-3886] merging instance 'inst_notes/constant2_reg[4]' (LD) to 'inst_notes/frequency_1_reg[11]'
INFO: [Synth 8-3886] merging instance 'inst_notes/constant1_reg[31]' (LD) to 'inst_notes/frequency_1_reg[11]'
INFO: [Synth 8-3886] merging instance 'inst_notes/constant1_reg[30]' (LD) to 'inst_notes/frequency_1_reg[11]'
INFO: [Synth 8-3886] merging instance 'inst_notes/constant1_reg[29]' (LD) to 'inst_notes/frequency_1_reg[11]'
INFO: [Synth 8-3886] merging instance 'inst_notes/constant1_reg[28]' (LD) to 'inst_notes/frequency_1_reg[11]'
INFO: [Synth 8-3886] merging instance 'inst_notes/constant1_reg[27]' (LD) to 'inst_notes/frequency_1_reg[11]'
INFO: [Synth 8-3886] merging instance 'inst_notes/constant1_reg[26]' (LD) to 'inst_notes/frequency_1_reg[11]'
INFO: [Synth 8-3886] merging instance 'inst_notes/constant1_reg[25]' (LD) to 'inst_notes/frequency_1_reg[11]'
INFO: [Synth 8-3886] merging instance 'inst_notes/constant1_reg[24]' (LD) to 'inst_notes/frequency_1_reg[11]'
INFO: [Synth 8-3886] merging instance 'inst_notes/constant1_reg[23]' (LD) to 'inst_notes/frequency_1_reg[11]'
INFO: [Synth 8-3886] merging instance 'inst_notes/constant1_reg[22]' (LD) to 'inst_notes/frequency_1_reg[11]'
INFO: [Synth 8-3886] merging instance 'inst_notes/constant1_reg[21]' (LD) to 'inst_notes/frequency_1_reg[11]'
INFO: [Synth 8-3886] merging instance 'inst_notes/constant1_reg[20]' (LD) to 'inst_notes/frequency_1_reg[11]'
INFO: [Synth 8-3886] merging instance 'inst_notes/constant1_reg[19]' (LD) to 'inst_notes/frequency_1_reg[11]'
INFO: [Synth 8-3886] merging instance 'inst_notes/constant1_reg[18]' (LD) to 'inst_notes/frequency_1_reg[11]'
INFO: [Synth 8-3886] merging instance 'inst_notes/constant1_reg[17]' (LD) to 'inst_notes/frequency_1_reg[11]'
INFO: [Synth 8-3886] merging instance 'inst_notes/constant1_reg[16]' (LD) to 'inst_notes/frequency_1_reg[11]'
INFO: [Synth 8-3886] merging instance 'inst_notes/constant1_reg[15]' (LD) to 'inst_notes/frequency_1_reg[11]'
INFO: [Synth 8-3886] merging instance 'inst_notes/constant1_reg[14]' (LD) to 'inst_notes/frequency_1_reg[11]'
INFO: [Synth 8-3886] merging instance 'inst_notes/constant1_reg[13]' (LD) to 'inst_notes/frequency_1_reg[11]'
INFO: [Synth 8-3886] merging instance 'inst_notes/constant1_reg[12]' (LD) to 'inst_notes/frequency_1_reg[11]'
INFO: [Synth 8-3886] merging instance 'inst_notes/constant1_reg[11]' (LD) to 'inst_notes/frequency_1_reg[11]'
INFO: [Synth 8-3886] merging instance 'inst_notes/constant1_reg[10]' (LD) to 'inst_notes/frequency_1_reg[11]'
INFO: [Synth 8-3886] merging instance 'inst_notes/constant1_reg[9]' (LD) to 'inst_notes/frequency_1_reg[11]'
INFO: [Synth 8-3886] merging instance 'inst_notes/constant1_reg[8]' (LD) to 'inst_notes/frequency_1_reg[11]'
INFO: [Synth 8-3886] merging instance 'inst_notes/constant1_reg[7]' (LD) to 'inst_notes/frequency_1_reg[11]'
INFO: [Synth 8-3886] merging instance 'inst_notes/constant1_reg[6]' (LD) to 'inst_notes/frequency_1_reg[11]'
INFO: [Synth 8-3886] merging instance 'inst_notes/constant1_reg[5]' (LD) to 'inst_notes/frequency_1_reg[11]'
INFO: [Synth 8-3886] merging instance 'inst_notes/constant1_reg[4]' (LD) to 'inst_notes/frequency_1_reg[11]'
INFO: [Synth 8-3886] merging instance 'inst_notes/frequency_2_reg[31]' (LD) to 'inst_notes/frequency_1_reg[11]'
INFO: [Synth 8-3886] merging instance 'inst_notes/frequency_2_reg[30]' (LD) to 'inst_notes/frequency_1_reg[11]'
INFO: [Synth 8-3886] merging instance 'inst_notes/frequency_2_reg[29]' (LD) to 'inst_notes/frequency_1_reg[11]'
INFO: [Synth 8-3886] merging instance 'inst_notes/frequency_2_reg[28]' (LD) to 'inst_notes/frequency_1_reg[11]'
INFO: [Synth 8-3886] merging instance 'inst_notes/frequency_2_reg[27]' (LD) to 'inst_notes/frequency_1_reg[11]'
INFO: [Synth 8-3886] merging instance 'inst_notes/frequency_2_reg[26]' (LD) to 'inst_notes/frequency_1_reg[11]'
INFO: [Synth 8-3886] merging instance 'inst_notes/frequency_2_reg[25]' (LD) to 'inst_notes/frequency_1_reg[11]'
INFO: [Synth 8-3886] merging instance 'inst_notes/frequency_2_reg[24]' (LD) to 'inst_notes/frequency_1_reg[11]'
INFO: [Synth 8-3886] merging instance 'inst_notes/frequency_2_reg[23]' (LD) to 'inst_notes/frequency_1_reg[11]'
INFO: [Synth 8-3886] merging instance 'inst_notes/frequency_2_reg[22]' (LD) to 'inst_notes/frequency_1_reg[11]'
INFO: [Synth 8-3886] merging instance 'inst_notes/frequency_2_reg[21]' (LD) to 'inst_notes/frequency_1_reg[11]'
INFO: [Synth 8-3886] merging instance 'inst_notes/frequency_2_reg[20]' (LD) to 'inst_notes/frequency_1_reg[11]'
INFO: [Synth 8-3886] merging instance 'inst_notes/frequency_2_reg[19]' (LD) to 'inst_notes/frequency_1_reg[11]'
INFO: [Synth 8-3886] merging instance 'inst_notes/frequency_2_reg[18]' (LD) to 'inst_notes/frequency_1_reg[11]'
INFO: [Synth 8-3886] merging instance 'inst_notes/frequency_2_reg[17]' (LD) to 'inst_notes/frequency_1_reg[11]'
INFO: [Synth 8-3886] merging instance 'inst_notes/frequency_2_reg[16]' (LD) to 'inst_notes/frequency_1_reg[11]'
INFO: [Synth 8-3886] merging instance 'inst_notes/frequency_2_reg[15]' (LD) to 'inst_notes/frequency_1_reg[11]'
INFO: [Synth 8-3886] merging instance 'inst_notes/frequency_2_reg[14]' (LD) to 'inst_notes/frequency_1_reg[11]'
INFO: [Synth 8-3886] merging instance 'inst_notes/frequency_1_reg[11]' (LD) to 'inst_notes/frequency_2_reg[13]'
INFO: [Synth 8-3886] merging instance 'inst_notes/frequency_1_reg[31]' (LD) to 'inst_notes/frequency_2_reg[13]'
INFO: [Synth 8-3886] merging instance 'inst_notes/frequency_1_reg[30]' (LD) to 'inst_notes/frequency_2_reg[13]'
INFO: [Synth 8-3886] merging instance 'inst_notes/frequency_1_reg[29]' (LD) to 'inst_notes/frequency_2_reg[13]'
INFO: [Synth 8-3886] merging instance 'inst_notes/frequency_1_reg[28]' (LD) to 'inst_notes/frequency_2_reg[13]'
INFO: [Synth 8-3886] merging instance 'inst_notes/frequency_1_reg[27]' (LD) to 'inst_notes/frequency_2_reg[13]'
INFO: [Synth 8-3886] merging instance 'inst_notes/frequency_1_reg[26]' (LD) to 'inst_notes/frequency_2_reg[13]'
INFO: [Synth 8-3886] merging instance 'inst_notes/frequency_1_reg[25]' (LD) to 'inst_notes/frequency_2_reg[13]'
INFO: [Synth 8-3886] merging instance 'inst_notes/frequency_1_reg[24]' (LD) to 'inst_notes/frequency_2_reg[13]'
INFO: [Synth 8-3886] merging instance 'inst_notes/frequency_1_reg[23]' (LD) to 'inst_notes/frequency_2_reg[13]'
INFO: [Synth 8-3886] merging instance 'inst_notes/frequency_1_reg[22]' (LD) to 'inst_notes/frequency_2_reg[13]'
INFO: [Synth 8-3886] merging instance 'inst_notes/frequency_1_reg[21]' (LD) to 'inst_notes/frequency_2_reg[13]'
INFO: [Synth 8-3886] merging instance 'inst_notes/frequency_1_reg[20]' (LD) to 'inst_notes/frequency_2_reg[13]'
INFO: [Synth 8-3886] merging instance 'inst_notes/frequency_1_reg[19]' (LD) to 'inst_notes/frequency_2_reg[13]'
INFO: [Synth 8-3886] merging instance 'inst_notes/frequency_1_reg[18]' (LD) to 'inst_notes/frequency_2_reg[13]'
INFO: [Synth 8-3886] merging instance 'inst_notes/frequency_1_reg[17]' (LD) to 'inst_notes/frequency_2_reg[13]'
INFO: [Synth 8-3886] merging instance 'inst_notes/frequency_1_reg[16]' (LD) to 'inst_notes/frequency_2_reg[13]'
INFO: [Synth 8-3886] merging instance 'inst_notes/frequency_1_reg[15]' (LD) to 'inst_notes/frequency_2_reg[13]'
INFO: [Synth 8-3886] merging instance 'inst_notes/frequency_1_reg[14]' (LD) to 'inst_notes/frequency_2_reg[13]'
INFO: [Synth 8-3886] merging instance 'inst_notes/frequency_1_reg[12]' (LD) to 'inst_notes/frequency_2_reg[13]'
INFO: [Synth 8-3886] merging instance 'inst_notes/frequency_1_reg[13]' (LD) to 'inst_notes/frequency_2_reg[13]'
INFO: [Synth 8-3886] merging instance 'inst_notes/frequency_2_reg[12]' (LD) to 'inst_notes/frequency_2_reg[13]'
INFO: [Synth 8-3333] propagating constant 0 across sequential element (inst_notes/\frequency_2_reg[13] )
WARNING: [Synth 8-3332] Sequential element (constant2_reg[3]) is unused and will be removed from module note_inst.
WARNING: [Synth 8-3332] Sequential element (constant2_reg[2]) is unused and will be removed from module note_inst.
WARNING: [Synth 8-3332] Sequential element (constant2_reg[1]) is unused and will be removed from module note_inst.
WARNING: [Synth 8-3332] Sequential element (constant2_reg[0]) is unused and will be removed from module note_inst.
WARNING: [Synth 8-3332] Sequential element (frequency_2_reg[13]) is unused and will be removed from module note_inst.
WARNING: [Synth 8-3332] Sequential element (temp_clockout_reg) is unused and will be removed from module clock_divider__1.
WARNING: [Synth 8-3332] Sequential element (count_reg[0]) is unused and will be removed from module clock_divider__1.
WARNING: [Synth 8-3332] Sequential element (count_reg[1]) is unused and will be removed from module clock_divider__1.
WARNING: [Synth 8-3332] Sequential element (count_reg[2]) is unused and will be removed from module clock_divider__1.
WARNING: [Synth 8-3332] Sequential element (count_reg[3]) is unused and will be removed from module clock_divider__1.
WARNING: [Synth 8-3332] Sequential element (count_reg[4]) is unused and will be removed from module clock_divider__1.
WARNING: [Synth 8-3332] Sequential element (count_reg[5]) is unused and will be removed from module clock_divider__1.
WARNING: [Synth 8-3332] Sequential element (count_reg[6]) is unused and will be removed from module clock_divider__1.
WARNING: [Synth 8-3332] Sequential element (count_reg[7]) is unused and will be removed from module clock_divider__1.
WARNING: [Synth 8-3332] Sequential element (count_reg[8]) is unused and will be removed from module clock_divider__1.
WARNING: [Synth 8-3332] Sequential element (count_reg[9]) is unused and will be removed from module clock_divider__1.
WARNING: [Synth 8-3332] Sequential element (count_reg[10]) is unused and will be removed from module clock_divider__1.
WARNING: [Synth 8-3332] Sequential element (count_reg[11]) is unused and will be removed from module clock_divider__1.
WARNING: [Synth 8-3332] Sequential element (count_reg[12]) is unused and will be removed from module clock_divider__1.
WARNING: [Synth 8-3332] Sequential element (count_reg[13]) is unused and will be removed from module clock_divider__1.
WARNING: [Synth 8-3332] Sequential element (count_reg[14]) is unused and will be removed from module clock_divider__1.
WARNING: [Synth 8-3332] Sequential element (count_reg[15]) is unused and will be removed from module clock_divider__1.
WARNING: [Synth 8-3332] Sequential element (count_reg[16]) is unused and will be removed from module clock_divider__1.
WARNING: [Synth 8-3332] Sequential element (count_reg[17]) is unused and will be removed from module clock_divider__1.
WARNING: [Synth 8-3332] Sequential element (count_reg[18]) is unused and will be removed from module clock_divider__1.
WARNING: [Synth 8-3332] Sequential element (count_reg[19]) is unused and will be removed from module clock_divider__1.
WARNING: [Synth 8-3332] Sequential element (count_reg[20]) is unused and will be removed from module clock_divider__1.
WARNING: [Synth 8-3332] Sequential element (count_reg[21]) is unused and will be removed from module clock_divider__1.
WARNING: [Synth 8-3332] Sequential element (count_reg[22]) is unused and will be removed from module clock_divider__1.
WARNING: [Synth 8-3332] Sequential element (count_reg[23]) is unused and will be removed from module clock_divider__1.
WARNING: [Synth 8-3332] Sequential element (count_reg[24]) is unused and will be removed from module clock_divider__1.
WARNING: [Synth 8-3332] Sequential element (count_reg[25]) is unused and will be removed from module clock_divider__1.
WARNING: [Synth 8-3332] Sequential element (count_reg[26]) is unused and will be removed from module clock_divider__1.
WARNING: [Synth 8-3332] Sequential element (t_reg[6]) is unused and will be removed from module wave_producer.
WARNING: [Synth 8-3332] Sequential element (t_reg[5]) is unused and will be removed from module wave_producer.
WARNING: [Synth 8-3332] Sequential element (t_reg[4]) is unused and will be removed from module wave_producer.
WARNING: [Synth 8-3332] Sequential element (t_reg[3]) is unused and will be removed from module wave_producer.
WARNING: [Synth 8-3332] Sequential element (t_reg[2]) is unused and will be removed from module wave_producer.
WARNING: [Synth 8-3332] Sequential element (t_reg[1]) is unused and will be removed from module wave_producer.
WARNING: [Synth 8-3332] Sequential element (t_reg[0]) is unused and will be removed from module wave_producer.
WARNING: [Synth 8-3332] Sequential element (t_reg_rep[6]) is unused and will be removed from module wave_producer.
WARNING: [Synth 8-3332] Sequential element (t_reg_rep[5]) is unused and will be removed from module wave_producer.
WARNING: [Synth 8-3332] Sequential element (t_reg_rep[4]) is unused and will be removed from module wave_producer.
WARNING: [Synth 8-3332] Sequential element (t_reg_rep[3]) is unused and will be removed from module wave_producer.
WARNING: [Synth 8-3332] Sequential element (t_reg_rep[2]) is unused and will be removed from module wave_producer.
WARNING: [Synth 8-3332] Sequential element (t_reg_rep[1]) is unused and will be removed from module wave_producer.
WARNING: [Synth 8-3332] Sequential element (t_reg_rep[0]) is unused and will be removed from module wave_producer.
WARNING: [Synth 8-3332] Sequential element (frequency_2_reg[11]) is unused and will be removed from module note_inst.
WARNING: [Synth 8-3332] Sequential element (frequency_2_reg[10]) is unused and will be removed from module note_inst.
WARNING: [Synth 8-3332] Sequential element (frequency_2_reg[9]) is unused and will be removed from module note_inst.
WARNING: [Synth 8-3332] Sequential element (frequency_2_reg[8]) is unused and will be removed from module note_inst.
WARNING: [Synth 8-3332] Sequential element (frequency_2_reg[7]) is unused and will be removed from module note_inst.
WARNING: [Synth 8-3332] Sequential element (frequency_2_reg[6]) is unused and will be removed from module note_inst.
WARNING: [Synth 8-3332] Sequential element (frequency_2_reg[5]) is unused and will be removed from module note_inst.
WARNING: [Synth 8-3332] Sequential element (frequency_2_reg[4]) is unused and will be removed from module note_inst.
WARNING: [Synth 8-3332] Sequential element (frequency_2_reg[3]) is unused and will be removed from module note_inst.
WARNING: [Synth 8-3332] Sequential element (frequency_2_reg[2]) is unused and will be removed from module note_inst.
WARNING: [Synth 8-3332] Sequential element (frequency_2_reg[1]) is unused and will be removed from module note_inst.
WARNING: [Synth 8-3332] Sequential element (frequency_2_reg[0]) is unused and will be removed from module note_inst.
WARNING: [Synth 8-3332] Sequential element (temp_clockout_reg) is unused and will be removed from module clock_divider.
WARNING: [Synth 8-3332] Sequential element (count_reg[0]) is unused and will be removed from module clock_divider.
WARNING: [Synth 8-3332] Sequential element (count_reg[1]) is unused and will be removed from module clock_divider.
WARNING: [Synth 8-3332] Sequential element (count_reg[2]) is unused and will be removed from module clock_divider.
WARNING: [Synth 8-3332] Sequential element (count_reg[3]) is unused and will be removed from module clock_divider.
WARNING: [Synth 8-3332] Sequential element (count_reg[4]) is unused and will be removed from module clock_divider.
WARNING: [Synth 8-3332] Sequential element (count_reg[5]) is unused and will be removed from module clock_divider.
WARNING: [Synth 8-3332] Sequential element (count_reg[6]) is unused and will be removed from module clock_divider.
WARNING: [Synth 8-3332] Sequential element (count_reg[7]) is unused and will be removed from module clock_divider.
WARNING: [Synth 8-3332] Sequential element (count_reg[8]) is unused and will be removed from module clock_divider.
WARNING: [Synth 8-3332] Sequential element (count_reg[9]) is unused and will be removed from module clock_divider.
WARNING: [Synth 8-3332] Sequential element (count_reg[10]) is unused and will be removed from module clock_divider.
WARNING: [Synth 8-3332] Sequential element (count_reg[11]) is unused and will be removed from module clock_divider.
WARNING: [Synth 8-3332] Sequential element (count_reg[12]) is unused and will be removed from module clock_divider.
WARNING: [Synth 8-3332] Sequential element (count_reg[13]) is unused and will be removed from module clock_divider.
WARNING: [Synth 8-3332] Sequential element (count_reg[14]) is unused and will be removed from module clock_divider.
WARNING: [Synth 8-3332] Sequential element (count_reg[15]) is unused and will be removed from module clock_divider.
WARNING: [Synth 8-3332] Sequential element (count_reg[16]) is unused and will be removed from module clock_divider.
WARNING: [Synth 8-3332] Sequential element (count_reg[17]) is unused and will be removed from module clock_divider.
WARNING: [Synth 8-3332] Sequential element (count_reg[18]) is unused and will be removed from module clock_divider.
WARNING: [Synth 8-3332] Sequential element (count_reg[19]) is unused and will be removed from module clock_divider.
WARNING: [Synth 8-3332] Sequential element (count_reg[20]) is unused and will be removed from module clock_divider.
WARNING: [Synth 8-3332] Sequential element (count_reg[21]) is unused and will be removed from module clock_divider.
WARNING: [Synth 8-3332] Sequential element (count_reg[22]) is unused and will be removed from module clock_divider.
WARNING: [Synth 8-3332] Sequential element (count_reg[23]) is unused and will be removed from module clock_divider.
WARNING: [Synth 8-3332] Sequential element (count_reg[24]) is unused and will be removed from module clock_divider.
WARNING: [Synth 8-3332] Sequential element (count_reg[25]) is unused and will be removed from module clock_divider.
WARNING: [Synth 8-3332] Sequential element (count_reg[26]) is unused and will be removed from module clock_divider.
WARNING: [Synth 8-3332] Sequential element (t_reg[6]) is unused and will be removed from module sawtooth_generator.
WARNING: [Synth 8-3332] Sequential element (t_reg[5]) is unused and will be removed from module sawtooth_generator.
WARNING: [Synth 8-3332] Sequential element (t_reg[4]) is unused and will be removed from module sawtooth_generator.
WARNING: [Synth 8-3332] Sequential element (t_reg[3]) is unused and will be removed from module sawtooth_generator.
WARNING: [Synth 8-3332] Sequential element (t_reg[2]) is unused and will be removed from module sawtooth_generator.
WARNING: [Synth 8-3332] Sequential element (t_reg[1]) is unused and will be removed from module sawtooth_generator.
WARNING: [Synth 8-3332] Sequential element (t_reg[0]) is unused and will be removed from module sawtooth_generator.
WARNING: [Synth 8-3332] Sequential element (t_reg_rep[6]) is unused and will be removed from module sawtooth_generator.
WARNING: [Synth 8-3332] Sequential element (t_reg_rep[5]) is unused and will be removed from module sawtooth_generator.
WARNING: [Synth 8-3332] Sequential element (t_reg_rep[4]) is unused and will be removed from module sawtooth_generator.
WARNING: [Synth 8-3332] Sequential element (t_reg_rep[3]) is unused and will be removed from module sawtooth_generator.
WARNING: [Synth 8-3332] Sequential element (t_reg_rep[2]) is unused and will be removed from module sawtooth_generator.
WARNING: [Synth 8-3332] Sequential element (t_reg_rep[1]) is unused and will be removed from module sawtooth_generator.
INFO: [Common 17-14] Message 'Synth 8-3332' appears 100 times and further instances of the messages will be disabled. Use the Tcl command set_msg_config to change the current settings.
---------------------------------------------------------------------------------
Finished Cross Boundary and Area Optimization : Time (s): cpu = 00:00:13 ; elapsed = 00:00:17 . Memory (MB): peak = 617.324 ; gain = 407.883
---------------------------------------------------------------------------------
---------------------------------------------------------------------------------
Start ROM, RAM, DSP and Shift Register Reporting
---------------------------------------------------------------------------------

ROM:
+-------------------+---------------+---------------+----------------+
|Module Name        | RTL Object    | Depth x Width | Implemented As | 
+-------------------+---------------+---------------+----------------+
|wave_producer      | sin_value_reg | 128x8         | Block RAM      | 
|sawtooth_generator | wave_reg      | 128x8         | Block RAM      | 
|wave_producer      | sin_value_reg | 128x8         | Block RAM      | 
|wave_producer      | sin_value_reg | 128x8         | Block RAM      | 
|sawtooth_generator | wave_reg      | 128x8         | Block RAM      | 
|sawtooth_generator | wave_reg      | 128x8         | Block RAM      | 
+-------------------+---------------+---------------+----------------+


DSP: Preliminary Mapping  Report (see note below)
+-------------------+-------------+--------+--------+--------+--------+--------+------+------+------+------+-------+------+------+
|Module Name        | DSP Mapping | A Size | B Size | C Size | D Size | P Size | AREG | BREG | CREG | DREG | ADREG | MREG | PREG | 
+-------------------+-------------+--------+--------+--------+--------+--------+------+------+------+------+-------+------+------+
|wave_producer      | A*(B:0x64)  | 17     | 8      | -      | -      | 26     | 0    | 0    | -    | -    | -     | 0    | 0    | 
|wave_producer      | A*(B:0x64)  | 17     | 8      | -      | -      | 26     | 0    | 0    | -    | -    | -     | 0    | 0    | 
|sawtooth_generator | A*(B:0x64)  | 17     | 8      | -      | -      | 26     | 0    | 0    | -    | -    | -     | 0    | 0    | 
|sawtooth_generator | A*(B:0x64)  | 17     | 8      | -      | -      | 26     | 0    | 0    | -    | -    | -     | 0    | 0    | 
+-------------------+-------------+--------+--------+--------+--------+--------+------+------+------+------+-------+------+------+

Note: The table above is a preliminary report that shows the DSPs inferred at the current stage of the synthesis flow. Some DSP may be reimplemented as non DSP primitives later in the synthesis flow. Multiple instantiated DSPs are reported only once.
---------------------------------------------------------------------------------
Finished ROM, RAM, DSP and Shift Register Reporting
---------------------------------------------------------------------------------

Report RTL Partitions: 
+-+--------------+------------+----------+
| |RTL Partition |Replication |Instances |
+-+--------------+------------+----------+
+-+--------------+------------+----------+
---------------------------------------------------------------------------------
Start Timing Optimization
---------------------------------------------------------------------------------
---------------------------------------------------------------------------------
Start Applying XDC Timing Constraints
---------------------------------------------------------------------------------
---------------------------------------------------------------------------------
Finished Applying XDC Timing Constraints : Time (s): cpu = 00:00:23 ; elapsed = 00:00:28 . Memory (MB): peak = 618.184 ; gain = 408.742
---------------------------------------------------------------------------------
---------------------------------------------------------------------------------
Finished Timing Optimization : Time (s): cpu = 00:00:23 ; elapsed = 00:00:28 . Memory (MB): peak = 630.863 ; gain = 421.422
---------------------------------------------------------------------------------

Report RTL Partitions: 
+-+--------------+------------+----------+
| |RTL Partition |Replication |Instances |
+-+--------------+------------+----------+
+-+--------------+------------+----------+
---------------------------------------------------------------------------------
Start Technology Mapping
---------------------------------------------------------------------------------
INFO: [Synth 8-4480] The timing for the instance audio_generate/firstharmonic/sin_value_reg (implemented as a block RAM) might be sub-optimal as no optional output register could be merged into the block ram. Providing additional output register may help in improving timing.
INFO: [Synth 8-4480] The timing for the instance sawtooth_ad/firstharm/wave_reg (implemented as a block RAM) might be sub-optimal as no optional output register could be merged into the block ram. Providing additional output register may help in improving timing.
---------------------------------------------------------------------------------
Finished Technology Mapping : Time (s): cpu = 00:00:24 ; elapsed = 00:00:29 . Memory (MB): peak = 645.270 ; gain = 435.828
---------------------------------------------------------------------------------

Report RTL Partitions: 
+-+--------------+------------+----------+
| |RTL Partition |Replication |Instances |
+-+--------------+------------+----------+
+-+--------------+------------+----------+
---------------------------------------------------------------------------------
Start IO Insertion
---------------------------------------------------------------------------------
---------------------------------------------------------------------------------
Start Final Netlist Cleanup
---------------------------------------------------------------------------------
---------------------------------------------------------------------------------
Finished Final Netlist Cleanup
---------------------------------------------------------------------------------
---------------------------------------------------------------------------------
Finished IO Insertion : Time (s): cpu = 00:00:25 ; elapsed = 00:00:30 . Memory (MB): peak = 645.270 ; gain = 435.828
---------------------------------------------------------------------------------

Report Check Netlist: 
+------+------------------+-------+---------+-------+------------------+
|      |Item              |Errors |Warnings |Status |Description       |
+------+------------------+-------+---------+-------+------------------+
|1     |multi_driven_nets |      0|        0|Passed |Multi driven nets |
+------+------------------+-------+---------+-------+------------------+
---------------------------------------------------------------------------------
Start Renaming Generated Instances
---------------------------------------------------------------------------------
---------------------------------------------------------------------------------
Finished Renaming Generated Instances : Time (s): cpu = 00:00:25 ; elapsed = 00:00:30 . Memory (MB): peak = 645.270 ; gain = 435.828
---------------------------------------------------------------------------------

Report RTL Partitions: 
+-+--------------+------------+----------+
| |RTL Partition |Replication |Instances |
+-+--------------+------------+----------+
+-+--------------+------------+----------+
---------------------------------------------------------------------------------
Start Handling Custom Attributes
---------------------------------------------------------------------------------
---------------------------------------------------------------------------------
Finished Handling Custom Attributes : Time (s): cpu = 00:00:25 ; elapsed = 00:00:30 . Memory (MB): peak = 645.270 ; gain = 435.828
---------------------------------------------------------------------------------
---------------------------------------------------------------------------------
Start Writing Synthesis Report
---------------------------------------------------------------------------------

Report BlackBoxes: 
+-+--------------+----------+
| |BlackBox name |Instances |
+-+--------------+----------+
+-+--------------+----------+

Report Cell Usage: 
+------+-----------+------+
|      |Cell       |Count |
+------+-----------+------+
|1     |BUFG       |     1|
|2     |CARRY4     |   762|
|3     |DSP48E1    |     2|
|4     |LUT1       |   280|
|5     |LUT2       |   619|
|6     |LUT3       |   334|
|7     |LUT4       |    80|
|8     |LUT5       |  1668|
|9     |LUT6       |    94|
|10    |MUXF7      |     5|
|11    |RAMB18E1   |     1|
|12    |RAMB18E1_1 |     1|
|13    |FDRE       |    84|
|14    |LD         |    15|
|15    |IBUF       |    10|
|16    |OBUF       |     8|
+------+-----------+------+

Report Instance Areas: 
+------+------------------+----------------------+------+
|      |Instance          |Module                |Cells |
+------+------------------+----------------------+------+
|1     |top               |                      |  3964|
|2     |  audio_generate  |adder_sine            |  1931|
|3     |    firstharmonic |wave_producer__1      |  1399|
|4     |      clock_100x  |clock_divider__3      |  1375|
|5     |  inst_notes      |note_inst             |    75|
|6     |  sawtooth_ad     |Sawtooth_adder        |  1931|
|7     |    firstharm     |sawtooth_generator__1 |  1399|
|8     |      clock_100x  |clock_divider__2      |  1375|
+------+------------------+----------------------+------+
---------------------------------------------------------------------------------
Finished Writing Synthesis Report : Time (s): cpu = 00:00:25 ; elapsed = 00:00:30 . Memory (MB): peak = 645.270 ; gain = 435.828
---------------------------------------------------------------------------------
Synthesis finished with 0 errors, 0 critical warnings and 105 warnings.
