Unable to capture context for thread 10460 in process 16984, can not generate back trace
Unable to capture context for thread 10280 in process 16984, can not generate back trace
Unable to capture context for thread 7780 in process 16984, can not generate back trace
Exception at PC 0x00007FFB9E73D759
Unable to capture context for thread 7780 in process 16984, can not generate back trace
Exception at PC 0x00007FFADE8EBB93
Printing stacktrace...

Exception at PC 0x00007FFB9E73D759
Exception at PC 0x00007FFB9E73D759
Exception at PC 0x00007FFB9E73D759
Exception at PC 0x00007FFB9E73D759
Exception at PC 0x00007FFB9E73D759
Exception at PC 0x00007FFB9E73D759
Exception at PC 0x00007FFB9E73D759
Exception at PC 0x00007FFB9E73D759
Exception at PC 0x00007FFB9E73D759
Exception at PC 0x00007FFB9E73D759
Exception at PC 0x00007FFB9E73D759
Exception at PC 0x00007FFB9E73D759
Exception at PC 0x00007FFB9E73D759
Exception at PC 0x00007FFB9E73D759
Exception at PC 0x00007FFB9E73D759
Exception at PC 0x00007FFB9E73D759
Exception at PC 0x00007FFB9E73D759
[0]  [0x00007FFADE8EBB93]
[1]  [0x00007FFADE8EBB93]
[2]  [0x00007FFADE8EB4A1]
[3]  [0x00007FFADE8EB3EF]
[4]  [0x00007FFADE8D19FE]
[5]  [0x00007FFADE8D0ED1]
[6]  [0x00007FFADE8D0D76]
[7]  [0x00007FFADE8779F6]
[8]  [0x00007FFADE867AFB]
[9]  [0x00007FFADE98E90A]
[10]  [0x00007FFADE9A9F87]
[11]  [0x00007FFADE9AA05F]
[12] (BaseThreadInitThunk+0x14) [0x00007FFB9FEF7034]
[13] (RtlUserThreadStart+0x21) [0x00007FFBA0EE2651]
Done
